TpTrace Verbose: 0 : 28324, 1, 2023/11/13, 02:10:04.296, 131504855451, vstest.console.dll, Version: 17.7.0-preview-23364-03+bc17bb9693cfc4778ded51aa0ab7f1065433f989 Current process architecture: X86
TpTrace Verbose: 0 : 28324, 1, 2023/11/13, 02:10:04.298, 131504870584, vstest.console.dll, Runtime location: C:\Program Files (x86)\dotnet\shared\Microsoft.NETCore.App\7.0.10
TpTrace Verbose: 0 : 28324, 1, 2023/11/13, 02:10:04.300, 131504891471, vstest.console.dll, ArtifactProcessingPostProcessModeProcessorExecutor.Initialize: ArtifactProcessingMode.Collect
TpTrace Verbose: 0 : 28324, 1, 2023/11/13, 02:10:04.300, 131504892452, vstest.console.dll, TestSessionCorrelationIdProcessorModeProcessorExecutor.Initialize: TestSessionCorrelationId '14324_424d243b-c09e-4a18-9de4-5663598790f9'
TpTrace Information: 0 : 28324, 1, 2023/11/13, 02:10:04.306, 131504952193, vstest.console.dll, FilePatternParser: The given file C:\Users\nikit\source\repos\Soft_Dev_Kursach\Test_White_Box\bin\Release\net6.0-windows\fine-code-coverage\build-output\Test_White_Box.dll is a full path.
TpTrace Verbose: 0 : 28324, 1, 2023/11/13, 02:10:04.309, 131504988668, vstest.console.dll, TestPluginCache.DiscoverTestExtensions: finding test extensions in assemblies ends with: RuntimeProvider.dll TPluginInfo: Microsoft.VisualStudio.TestPlatform.Common.ExtensionFramework.Utilities.TestRuntimePluginInformation TExtension: Microsoft.VisualStudio.TestPlatform.ObjectModel.Host.ITestRuntimeProvider
TpTrace Verbose: 0 : 28324, 1, 2023/11/13, 02:10:04.310, 131504997934, vstest.console.dll, TestPluginCache.GetExtensionPaths: Filtered extension paths: 
TpTrace Verbose: 0 : 28324, 1, 2023/11/13, 02:10:04.310, 131504998985, vstest.console.dll, TestPluginCache.GetExtensionPaths: Added default extension paths: C:\Program Files (x86)\dotnet\sdk\7.0.400\Extensions\Microsoft.Diagnostics.NETCore.Client.dll
C:\Program Files (x86)\dotnet\sdk\7.0.400\Extensions\Microsoft.TestPlatform.Extensions.BlameDataCollector.dll
C:\Program Files (x86)\dotnet\sdk\7.0.400\Extensions\Microsoft.TestPlatform.Extensions.EventLogCollector.dll
C:\Program Files (x86)\dotnet\sdk\7.0.400\Extensions\Microsoft.TestPlatform.TestHostRuntimeProvider.dll
C:\Program Files (x86)\dotnet\sdk\7.0.400\Extensions\Microsoft.VisualStudio.TestPlatform.Extensions.Html.TestLogger.dll
C:\Program Files (x86)\dotnet\sdk\7.0.400\Extensions\Microsoft.VisualStudio.TestPlatform.Extensions.Trx.TestLogger.dll
TpTrace Verbose: 0 : 28324, 1, 2023/11/13, 02:10:04.310, 131504999368, vstest.console.dll, TestPluginCache.GetExtensionPaths: Added unfilterableExtensionPaths: 
TpTrace Information: 0 : 28324, 1, 2023/11/13, 02:10:04.311, 131505004177, vstest.console.dll, AssemblyResolver.ctor: Creating AssemblyResolver with searchDirectories C:\Program Files (x86)\dotnet\sdk\7.0.400\Extensions,C:\Program Files (x86)\dotnet\sdk\7.0.400
TpTrace Verbose: 0 : 28324, 1, 2023/11/13, 02:10:04.311, 131505009322, vstest.console.dll, TestPluginCache.DiscoverTestExtensions: Discovering the extensions using extension path.
TpTrace Verbose: 0 : 28324, 1, 2023/11/13, 02:10:04.312, 131505010234, vstest.console.dll, TestPluginCache.GetExtensionPaths: Filtered extension paths: 
TpTrace Verbose: 0 : 28324, 1, 2023/11/13, 02:10:04.312, 131505010578, vstest.console.dll, TestPluginCache.GetExtensionPaths: Added default extension paths: C:\Program Files (x86)\dotnet\sdk\7.0.400\Extensions\Microsoft.Diagnostics.NETCore.Client.dll
C:\Program Files (x86)\dotnet\sdk\7.0.400\Extensions\Microsoft.TestPlatform.Extensions.BlameDataCollector.dll
C:\Program Files (x86)\dotnet\sdk\7.0.400\Extensions\Microsoft.TestPlatform.Extensions.EventLogCollector.dll
C:\Program Files (x86)\dotnet\sdk\7.0.400\Extensions\Microsoft.TestPlatform.TestHostRuntimeProvider.dll
C:\Program Files (x86)\dotnet\sdk\7.0.400\Extensions\Microsoft.VisualStudio.TestPlatform.Extensions.Html.TestLogger.dll
C:\Program Files (x86)\dotnet\sdk\7.0.400\Extensions\Microsoft.VisualStudio.TestPlatform.Extensions.Trx.TestLogger.dll
TpTrace Verbose: 0 : 28324, 1, 2023/11/13, 02:10:04.312, 131505010892, vstest.console.dll, TestPluginCache.GetExtensionPaths: Added unfilterableExtensionPaths: 
TpTrace Verbose: 0 : 28324, 1, 2023/11/13, 02:10:04.312, 131505011841, vstest.console.dll, TestPluginCache.DiscoverTestExtensions: Discovering the extensions using allExtensionPaths: C:\Program Files (x86)\dotnet\sdk\7.0.400\Extensions\Microsoft.Diagnostics.NETCore.Client.dll
C:\Program Files (x86)\dotnet\sdk\7.0.400\Extensions\Microsoft.TestPlatform.Extensions.BlameDataCollector.dll
C:\Program Files (x86)\dotnet\sdk\7.0.400\Extensions\Microsoft.TestPlatform.Extensions.EventLogCollector.dll
C:\Program Files (x86)\dotnet\sdk\7.0.400\Extensions\Microsoft.TestPlatform.TestHostRuntimeProvider.dll
C:\Program Files (x86)\dotnet\sdk\7.0.400\Extensions\Microsoft.VisualStudio.TestPlatform.Extensions.Html.TestLogger.dll
C:\Program Files (x86)\dotnet\sdk\7.0.400\Extensions\Microsoft.VisualStudio.TestPlatform.Extensions.Trx.TestLogger.dll
TpTrace Information: 0 : 28324, 1, 2023/11/13, 02:10:04.312, 131505012856, vstest.console.dll, AssemblyResolver.AddSearchDirectories: Adding more searchDirectories C:\Program Files (x86)\dotnet\sdk\7.0.400\Extensions,C:\Program Files (x86)\dotnet\sdk\7.0.400
TpTrace Information: 0 : 28324, 1, 2023/11/13, 02:10:04.312, 131505013348, vstest.console.dll, AssemblyResolver.AddSearchDirectories: Adding more searchDirectories C:\Program Files (x86)\dotnet\sdk\7.0.400\Extensions,C:\Program Files (x86)\dotnet\sdk\7.0.400
TpTrace Information: 0 : 28324, 1, 2023/11/13, 02:10:04.312, 131505013681, vstest.console.dll, AssemblyResolver.AddSearchDirectories: Adding more searchDirectories C:\Program Files (x86)\dotnet\sdk\7.0.400\Extensions,C:\Program Files (x86)\dotnet\sdk\7.0.400
TpTrace Information: 0 : 28324, 1, 2023/11/13, 02:10:04.312, 131505013957, vstest.console.dll, AssemblyResolver.AddSearchDirectories: Adding more searchDirectories C:\Program Files (x86)\dotnet\sdk\7.0.400\Extensions,C:\Program Files (x86)\dotnet\sdk\7.0.400
TpTrace Information: 0 : 28324, 1, 2023/11/13, 02:10:04.312, 131505014225, vstest.console.dll, AssemblyResolver.AddSearchDirectories: Adding more searchDirectories C:\Program Files (x86)\dotnet\sdk\7.0.400\Extensions,C:\Program Files (x86)\dotnet\sdk\7.0.400
TpTrace Information: 0 : 28324, 1, 2023/11/13, 02:10:04.312, 131505014491, vstest.console.dll, AssemblyResolver.AddSearchDirectories: Adding more searchDirectories C:\Program Files (x86)\dotnet\sdk\7.0.400\Extensions,C:\Program Files (x86)\dotnet\sdk\7.0.400
TpTrace Information: 0 : 28324, 1, 2023/11/13, 02:10:04.312, 131505016783, vstest.console.dll, AssemblyResolver.OnResolve: Microsoft.Diagnostics.NETCore.Client: Resolving assembly.
TpTrace Information: 0 : 28324, 1, 2023/11/13, 02:10:04.312, 131505017508, vstest.console.dll, AssemblyResolver.OnResolve: Microsoft.Diagnostics.NETCore.Client: Searching in: 'C:\Program Files (x86)\dotnet\sdk\7.0.400\Extensions'.
TpTrace Information: 0 : 28324, 1, 2023/11/13, 02:10:04.318, 131505074634, vstest.console.dll, AssemblyResolver.OnResolve: Microsoft.Diagnostics.NETCore.Client: Loading assembly 'C:\Program Files (x86)\dotnet\sdk\7.0.400\Extensions\Microsoft.Diagnostics.NETCore.Client.dll'.
TpTrace Information: 0 : 28324, 1, 2023/11/13, 02:10:04.319, 131505080816, vstest.console.dll, AssemblyResolver.OnResolve: Resolved assembly: Microsoft.Diagnostics.NETCore.Client, from path: C:\Program Files (x86)\dotnet\sdk\7.0.400\Extensions\Microsoft.Diagnostics.NETCore.Client.dll
TpTrace Verbose: 0 : 28324, 1, 2023/11/13, 02:10:04.319, 131505089245, vstest.console.dll, MetadataReaderExtensionsHelper: Discovering extensions inside assembly 'Microsoft.Diagnostics.NETCore.Client, Version=0.2.8.21101, Culture=neutral, PublicKeyToken=31bf3856ad364e35' file path 'C:\Program Files (x86)\dotnet\sdk\7.0.400\Extensions\Microsoft.Diagnostics.NETCore.Client.dll'
TpTrace Information: 0 : 28324, 1, 2023/11/13, 02:10:04.322, 131505117201, vstest.console.dll, AssemblyResolver.OnResolve: Microsoft.Bcl.AsyncInterfaces: Resolving assembly.
TpTrace Information: 0 : 28324, 1, 2023/11/13, 02:10:04.322, 131505117943, vstest.console.dll, AssemblyResolver.OnResolve: Microsoft.Bcl.AsyncInterfaces: Searching in: 'C:\Program Files (x86)\dotnet\sdk\7.0.400\Extensions'.
TpTrace Information: 0 : 28324, 1, 2023/11/13, 02:10:04.322, 131505119006, vstest.console.dll, AssemblyResolver.OnResolve: Microsoft.Bcl.AsyncInterfaces: Assembly path does not exist: 'C:\Program Files (x86)\dotnet\sdk\7.0.400\Extensions\Microsoft.Bcl.AsyncInterfaces.dll', returning.
TpTrace Information: 0 : 28324, 1, 2023/11/13, 02:10:04.322, 131505119657, vstest.console.dll, AssemblyResolver.OnResolve: Microsoft.Bcl.AsyncInterfaces: Assembly path does not exist: 'C:\Program Files (x86)\dotnet\sdk\7.0.400\Extensions\Microsoft.Bcl.AsyncInterfaces.exe', returning.
TpTrace Information: 0 : 28324, 1, 2023/11/13, 02:10:04.322, 131505119954, vstest.console.dll, AssemblyResolver.OnResolve: Microsoft.Bcl.AsyncInterfaces: Searching in: 'C:\Program Files (x86)\dotnet\sdk\7.0.400'.
TpTrace Information: 0 : 28324, 1, 2023/11/13, 02:10:04.323, 131505120465, vstest.console.dll, AssemblyResolver.OnResolve: Microsoft.Bcl.AsyncInterfaces: Assembly path does not exist: 'C:\Program Files (x86)\dotnet\sdk\7.0.400\Microsoft.Bcl.AsyncInterfaces.dll', returning.
TpTrace Information: 0 : 28324, 1, 2023/11/13, 02:10:04.323, 131505120946, vstest.console.dll, AssemblyResolver.OnResolve: Microsoft.Bcl.AsyncInterfaces: Assembly path does not exist: 'C:\Program Files (x86)\dotnet\sdk\7.0.400\Microsoft.Bcl.AsyncInterfaces.exe', returning.
TpTrace Information: 0 : 28324, 1, 2023/11/13, 02:10:04.323, 131505121224, vstest.console.dll, AssemblyResolver.OnResolve: Microsoft.Bcl.AsyncInterfaces: Failed to load assembly.
TpTrace Verbose: 0 : 28324, 1, 2023/11/13, 02:10:04.323, 131505121575, vstest.console.dll, CurrentDomainAssemblyResolve: Resolving assembly 'Microsoft.Bcl.AsyncInterfaces'.
TpTrace Information: 0 : 28324, 1, 2023/11/13, 02:10:04.323, 131505122043, vstest.console.dll, AssemblyResolver.OnResolve: Microsoft.Bcl.AsyncInterfaces: Resolving assembly.
TpTrace Information: 0 : 28324, 1, 2023/11/13, 02:10:04.323, 131505122488, vstest.console.dll, AssemblyResolver.OnResolve: Microsoft.Bcl.AsyncInterfaces: Resolved from cache.
TpTrace Verbose: 0 : 28324, 1, 2023/11/13, 02:10:04.323, 131505122746, vstest.console.dll, CurrentDomainAssemblyResolve: Resolving assembly 'Microsoft.Bcl.AsyncInterfaces'.
TpTrace Verbose: 0 : 28324, 1, 2023/11/13, 02:10:04.323, 131505123056, vstest.console.dll, CurrentDomainAssemblyResolve: Failed to resolve assembly 'Microsoft.Bcl.AsyncInterfaces'.
TpTrace Verbose: 0 : 28324, 1, 2023/11/13, 02:10:04.323, 131505128681, vstest.console.dll, CurrentDomainAssemblyResolve: Failed to resolve assembly 'Microsoft.Bcl.AsyncInterfaces'.
TpTrace Warning: 0 : 28324, 1, 2023/11/13, 02:10:04.331, 131505203707, vstest.console.dll, TestPluginDiscoverer: Failed to get types from assembly 'Microsoft.Diagnostics.NETCore.Client, Version=0.2.8.21101, Culture=neutral, PublicKeyToken=31bf3856ad364e35'. Error: System.Reflection.ReflectionTypeLoadException: Unable to load one or more of the requested types.
Could not load file or assembly 'Microsoft.Bcl.AsyncInterfaces, Version=1.0.0.0, Culture=neutral, PublicKeyToken=cc7b13ffcd2ddd51'. Не удается найти указанный файл.
   at System.Reflection.RuntimeModule.GetTypes(RuntimeModule module)
   at System.Reflection.Assembly.GetTypes()
   at Microsoft.VisualStudio.TestPlatform.Common.ExtensionFramework.TestPluginDiscoverer.GetTestExtensionsFromAssembly[TPluginInfo,TExtension](Assembly assembly, Dictionary`2 pluginInfos, String filePath) in /_/src/Microsoft.TestPlatform.Common/ExtensionFramework/TestPluginDiscoverer.cs:line 158
System.IO.FileNotFoundException: Could not load file or assembly 'Microsoft.Bcl.AsyncInterfaces, Version=1.0.0.0, Culture=neutral, PublicKeyToken=cc7b13ffcd2ddd51'. Не удается найти указанный файл.
File name: 'Microsoft.Bcl.AsyncInterfaces, Version=1.0.0.0, Culture=neutral, PublicKeyToken=cc7b13ffcd2ddd51'
 ---> System.IO.FileNotFoundException: Could not load file or assembly 'Microsoft.Bcl.AsyncInterfaces, Culture=neutral, PublicKeyToken=null'. Не удается найти указанный файл.
File name: 'Microsoft.Bcl.AsyncInterfaces, Culture=neutral, PublicKeyToken=null'
   at System.Reflection.RuntimeAssembly.InternalLoad(AssemblyName assemblyName, StackCrawlMark& stackMark, AssemblyLoadContext assemblyLoadContext, RuntimeAssembly requestingAssembly, Boolean throwOnFileNotFound)
   at System.Reflection.Assembly.Load(AssemblyName assemblyRef)
   at Microsoft.VisualStudio.TestPlatform.Common.ExtensionFramework.TestPluginCache.CurrentDomainAssemblyResolve(Object sender, AssemblyResolveEventArgs args) in /_/src/Microsoft.TestPlatform.Common/ExtensionFramework/TestPluginCache.cs:line 513
   at Microsoft.VisualStudio.TestPlatform.PlatformAbstractions.PlatformAssemblyResolver.AssemblyResolverEvent(Object sender, Object eventArgs) in /_/src/Microsoft.TestPlatform.PlatformAbstractions/netcore/Runtime/PlatformAssemblyResolver.cs:line 74
   at System.Runtime.Loader.AssemblyLoadContext.GetFirstResolvedAssemblyFromResolvingEvent(AssemblyName assemblyName)
   at System.Runtime.Loader.AssemblyLoadContext.ResolveUsingEvent(AssemblyName assemblyName)
   at System.Runtime.Loader.AssemblyLoadContext.ResolveUsingResolvingEvent(IntPtr gchManagedAssemblyLoadContext, AssemblyName assemblyName)
TpTrace Warning: 0 : 28324, 1, 2023/11/13, 02:10:04.331, 131505206383, vstest.console.dll, LoaderExceptions: System.IO.FileNotFoundException: Could not load file or assembly 'Microsoft.Bcl.AsyncInterfaces, Version=1.0.0.0, Culture=neutral, PublicKeyToken=cc7b13ffcd2ddd51'. Не удается найти указанный файл.
File name: 'Microsoft.Bcl.AsyncInterfaces, Version=1.0.0.0, Culture=neutral, PublicKeyToken=cc7b13ffcd2ddd51'
 ---> System.IO.FileNotFoundException: Could not load file or assembly 'Microsoft.Bcl.AsyncInterfaces, Culture=neutral, PublicKeyToken=null'. Не удается найти указанный файл.
File name: 'Microsoft.Bcl.AsyncInterfaces, Culture=neutral, PublicKeyToken=null'
   at System.Reflection.RuntimeAssembly.InternalLoad(AssemblyName assemblyName, StackCrawlMark& stackMark, AssemblyLoadContext assemblyLoadContext, RuntimeAssembly requestingAssembly, Boolean throwOnFileNotFound)
   at System.Reflection.Assembly.Load(AssemblyName assemblyRef)
   at Microsoft.VisualStudio.TestPlatform.Common.ExtensionFramework.TestPluginCache.CurrentDomainAssemblyResolve(Object sender, AssemblyResolveEventArgs args) in /_/src/Microsoft.TestPlatform.Common/ExtensionFramework/TestPluginCache.cs:line 513
   at Microsoft.VisualStudio.TestPlatform.PlatformAbstractions.PlatformAssemblyResolver.AssemblyResolverEvent(Object sender, Object eventArgs) in /_/src/Microsoft.TestPlatform.PlatformAbstractions/netcore/Runtime/PlatformAssemblyResolver.cs:line 74
   at System.Runtime.Loader.AssemblyLoadContext.GetFirstResolvedAssemblyFromResolvingEvent(AssemblyName assemblyName)
   at System.Runtime.Loader.AssemblyLoadContext.ResolveUsingEvent(AssemblyName assemblyName)
   at System.Runtime.Loader.AssemblyLoadContext.ResolveUsingResolvingEvent(IntPtr gchManagedAssemblyLoadContext, AssemblyName assemblyName)
TpTrace Information: 0 : 28324, 1, 2023/11/13, 02:10:04.331, 131505207996, vstest.console.dll, AssemblyResolver.OnResolve: Microsoft.TestPlatform.Extensions.BlameDataCollector: Resolving assembly.
TpTrace Information: 0 : 28324, 1, 2023/11/13, 02:10:04.331, 131505208544, vstest.console.dll, AssemblyResolver.OnResolve: Microsoft.TestPlatform.Extensions.BlameDataCollector: Searching in: 'C:\Program Files (x86)\dotnet\sdk\7.0.400\Extensions'.
TpTrace Information: 0 : 28324, 1, 2023/11/13, 02:10:04.332, 131505211300, vstest.console.dll, AssemblyResolver.OnResolve: Microsoft.TestPlatform.Extensions.BlameDataCollector: Loading assembly 'C:\Program Files (x86)\dotnet\sdk\7.0.400\Extensions\Microsoft.TestPlatform.Extensions.BlameDataCollector.dll'.
TpTrace Information: 0 : 28324, 1, 2023/11/13, 02:10:04.332, 131505215400, vstest.console.dll, AssemblyResolver.OnResolve: Resolved assembly: Microsoft.TestPlatform.Extensions.BlameDataCollector, from path: C:\Program Files (x86)\dotnet\sdk\7.0.400\Extensions\Microsoft.TestPlatform.Extensions.BlameDataCollector.dll
TpTrace Verbose: 0 : 28324, 1, 2023/11/13, 02:10:04.332, 131505216510, vstest.console.dll, MetadataReaderExtensionsHelper: Discovering extensions inside assembly 'Microsoft.TestPlatform.Extensions.BlameDataCollector, Version=15.0.0.0, Culture=neutral, PublicKeyToken=b03f5f7f11d50a3a' file path 'C:\Program Files (x86)\dotnet\sdk\7.0.400\Extensions\Microsoft.TestPlatform.Extensions.BlameDataCollector.dll'
TpTrace Information: 0 : 28324, 1, 2023/11/13, 02:10:04.333, 131505224822, vstest.console.dll, AssemblyResolver.OnResolve: Microsoft.TestPlatform.Extensions.EventLogCollector: Resolving assembly.
TpTrace Information: 0 : 28324, 1, 2023/11/13, 02:10:04.333, 131505225391, vstest.console.dll, AssemblyResolver.OnResolve: Microsoft.TestPlatform.Extensions.EventLogCollector: Searching in: 'C:\Program Files (x86)\dotnet\sdk\7.0.400\Extensions'.
TpTrace Information: 0 : 28324, 1, 2023/11/13, 02:10:04.333, 131505227283, vstest.console.dll, AssemblyResolver.OnResolve: Microsoft.TestPlatform.Extensions.EventLogCollector: Loading assembly 'C:\Program Files (x86)\dotnet\sdk\7.0.400\Extensions\Microsoft.TestPlatform.Extensions.EventLogCollector.dll'.
TpTrace Information: 0 : 28324, 1, 2023/11/13, 02:10:04.334, 131505232697, vstest.console.dll, AssemblyResolver.OnResolve: Resolved assembly: Microsoft.TestPlatform.Extensions.EventLogCollector, from path: C:\Program Files (x86)\dotnet\sdk\7.0.400\Extensions\Microsoft.TestPlatform.Extensions.EventLogCollector.dll
TpTrace Verbose: 0 : 28324, 1, 2023/11/13, 02:10:04.334, 131505233513, vstest.console.dll, MetadataReaderExtensionsHelper: Discovering extensions inside assembly 'Microsoft.TestPlatform.Extensions.EventLogCollector, Version=15.0.0.0, Culture=neutral, PublicKeyToken=b03f5f7f11d50a3a' file path 'C:\Program Files (x86)\dotnet\sdk\7.0.400\Extensions\Microsoft.TestPlatform.Extensions.EventLogCollector.dll'
TpTrace Information: 0 : 28324, 1, 2023/11/13, 02:10:04.336, 131505251614, vstest.console.dll, AssemblyResolver.OnResolve: Microsoft.TestPlatform.TestHostRuntimeProvider: Resolving assembly.
TpTrace Information: 0 : 28324, 1, 2023/11/13, 02:10:04.336, 131505252329, vstest.console.dll, AssemblyResolver.OnResolve: Microsoft.TestPlatform.TestHostRuntimeProvider: Searching in: 'C:\Program Files (x86)\dotnet\sdk\7.0.400\Extensions'.
TpTrace Information: 0 : 28324, 1, 2023/11/13, 02:10:04.336, 131505254339, vstest.console.dll, AssemblyResolver.OnResolve: Microsoft.TestPlatform.TestHostRuntimeProvider: Loading assembly 'C:\Program Files (x86)\dotnet\sdk\7.0.400\Extensions\Microsoft.TestPlatform.TestHostRuntimeProvider.dll'.
TpTrace Information: 0 : 28324, 1, 2023/11/13, 02:10:04.336, 131505257899, vstest.console.dll, AssemblyResolver.OnResolve: Resolved assembly: Microsoft.TestPlatform.TestHostRuntimeProvider, from path: C:\Program Files (x86)\dotnet\sdk\7.0.400\Extensions\Microsoft.TestPlatform.TestHostRuntimeProvider.dll
TpTrace Verbose: 0 : 28324, 1, 2023/11/13, 02:10:04.336, 131505258525, vstest.console.dll, MetadataReaderExtensionsHelper: Discovering extensions inside assembly 'Microsoft.TestPlatform.TestHostRuntimeProvider, Version=15.0.0.0, Culture=neutral, PublicKeyToken=b03f5f7f11d50a3a' file path 'C:\Program Files (x86)\dotnet\sdk\7.0.400\Extensions\Microsoft.TestPlatform.TestHostRuntimeProvider.dll'
TpTrace Information: 0 : 28324, 1, 2023/11/13, 02:10:04.337, 131505269767, vstest.console.dll, GetTestExtensionFromType: Register extension with identifier data 'HostProvider://DefaultTestHost' and type 'Microsoft.VisualStudio.TestPlatform.CrossPlatEngine.Hosting.DefaultTestHostManager, Microsoft.TestPlatform.TestHostRuntimeProvider, Version=15.0.0.0, Culture=neutral, PublicKeyToken=b03f5f7f11d50a3a' inside file 'C:\Program Files (x86)\dotnet\sdk\7.0.400\Extensions\Microsoft.TestPlatform.TestHostRuntimeProvider.dll'
TpTrace Information: 0 : 28324, 1, 2023/11/13, 02:10:04.338, 131505271795, vstest.console.dll, GetTestExtensionFromType: Register extension with identifier data 'HostProvider://DotnetTestHost' and type 'Microsoft.VisualStudio.TestPlatform.CrossPlatEngine.Hosting.DotnetTestHostManager, Microsoft.TestPlatform.TestHostRuntimeProvider, Version=15.0.0.0, Culture=neutral, PublicKeyToken=b03f5f7f11d50a3a' inside file 'C:\Program Files (x86)\dotnet\sdk\7.0.400\Extensions\Microsoft.TestPlatform.TestHostRuntimeProvider.dll'
TpTrace Information: 0 : 28324, 1, 2023/11/13, 02:10:04.338, 131505272782, vstest.console.dll, AssemblyResolver.OnResolve: Microsoft.VisualStudio.TestPlatform.Extensions.Html.TestLogger: Resolving assembly.
TpTrace Information: 0 : 28324, 1, 2023/11/13, 02:10:04.338, 131505273167, vstest.console.dll, AssemblyResolver.OnResolve: Microsoft.VisualStudio.TestPlatform.Extensions.Html.TestLogger: Searching in: 'C:\Program Files (x86)\dotnet\sdk\7.0.400\Extensions'.
TpTrace Information: 0 : 28324, 1, 2023/11/13, 02:10:04.338, 131505274999, vstest.console.dll, AssemblyResolver.OnResolve: Microsoft.VisualStudio.TestPlatform.Extensions.Html.TestLogger: Loading assembly 'C:\Program Files (x86)\dotnet\sdk\7.0.400\Extensions\Microsoft.VisualStudio.TestPlatform.Extensions.Html.TestLogger.dll'.
TpTrace Information: 0 : 28324, 1, 2023/11/13, 02:10:04.338, 131505278266, vstest.console.dll, AssemblyResolver.OnResolve: Resolved assembly: Microsoft.VisualStudio.TestPlatform.Extensions.Html.TestLogger, from path: C:\Program Files (x86)\dotnet\sdk\7.0.400\Extensions\Microsoft.VisualStudio.TestPlatform.Extensions.Html.TestLogger.dll
TpTrace Verbose: 0 : 28324, 1, 2023/11/13, 02:10:04.338, 131505279038, vstest.console.dll, MetadataReaderExtensionsHelper: Discovering extensions inside assembly 'Microsoft.VisualStudio.TestPlatform.Extensions.Html.TestLogger, Version=15.0.0.0, Culture=neutral, PublicKeyToken=b03f5f7f11d50a3a' file path 'C:\Program Files (x86)\dotnet\sdk\7.0.400\Extensions\Microsoft.VisualStudio.TestPlatform.Extensions.Html.TestLogger.dll'
TpTrace Information: 0 : 28324, 1, 2023/11/13, 02:10:04.339, 131505284373, vstest.console.dll, AssemblyResolver.OnResolve: Microsoft.VisualStudio.TestPlatform.Extensions.Trx.TestLogger: Resolving assembly.
TpTrace Information: 0 : 28324, 1, 2023/11/13, 02:10:04.339, 131505284940, vstest.console.dll, AssemblyResolver.OnResolve: Microsoft.VisualStudio.TestPlatform.Extensions.Trx.TestLogger: Searching in: 'C:\Program Files (x86)\dotnet\sdk\7.0.400\Extensions'.
TpTrace Information: 0 : 28324, 1, 2023/11/13, 02:10:04.339, 131505286881, vstest.console.dll, AssemblyResolver.OnResolve: Microsoft.VisualStudio.TestPlatform.Extensions.Trx.TestLogger: Loading assembly 'C:\Program Files (x86)\dotnet\sdk\7.0.400\Extensions\Microsoft.VisualStudio.TestPlatform.Extensions.Trx.TestLogger.dll'.
TpTrace Information: 0 : 28324, 1, 2023/11/13, 02:10:04.340, 131505290661, vstest.console.dll, AssemblyResolver.OnResolve: Resolved assembly: Microsoft.VisualStudio.TestPlatform.Extensions.Trx.TestLogger, from path: C:\Program Files (x86)\dotnet\sdk\7.0.400\Extensions\Microsoft.VisualStudio.TestPlatform.Extensions.Trx.TestLogger.dll
TpTrace Verbose: 0 : 28324, 1, 2023/11/13, 02:10:04.340, 131505291287, vstest.console.dll, MetadataReaderExtensionsHelper: Discovering extensions inside assembly 'Microsoft.VisualStudio.TestPlatform.Extensions.Trx.TestLogger, Version=15.0.0.0, Culture=neutral, PublicKeyToken=b03f5f7f11d50a3a' file path 'C:\Program Files (x86)\dotnet\sdk\7.0.400\Extensions\Microsoft.VisualStudio.TestPlatform.Extensions.Trx.TestLogger.dll'
TpTrace Verbose: 0 : 28324, 1, 2023/11/13, 02:10:04.340, 131505298252, vstest.console.dll, TestPluginCache: Discovered the extensions using extension path ''.
TpTrace Verbose: 0 : 28324, 1, 2023/11/13, 02:10:04.340, 131505298777, vstest.console.dll, TestPluginCache: Discoverers are ''.
TpTrace Verbose: 0 : 28324, 1, 2023/11/13, 02:10:04.340, 131505299064, vstest.console.dll, TestPluginCache: Executors are ''.
TpTrace Verbose: 0 : 28324, 1, 2023/11/13, 02:10:04.340, 131505299302, vstest.console.dll, TestPluginCache: Executors2 are ''.
TpTrace Verbose: 0 : 28324, 1, 2023/11/13, 02:10:04.340, 131505299557, vstest.console.dll, TestPluginCache: Setting providers are ''.
TpTrace Verbose: 0 : 28324, 1, 2023/11/13, 02:10:04.340, 131505299801, vstest.console.dll, TestPluginCache: Loggers are ''.
TpTrace Verbose: 0 : 28324, 1, 2023/11/13, 02:10:04.341, 131505300346, vstest.console.dll, TestPluginCache: TestHosts are 'HostProvider://DefaultTestHost,HostProvider://DotnetTestHost'.
TpTrace Verbose: 0 : 28324, 1, 2023/11/13, 02:10:04.341, 131505300621, vstest.console.dll, TestPluginCache: DataCollectors are ''.
TpTrace Information: 0 : 28324, 1, 2023/11/13, 02:10:04.348, 131505375888, vstest.console.dll, RunTestsArgumentProcessor:Execute: Test run is starting.
TpTrace Verbose: 0 : 28324, 1, 2023/11/13, 02:10:04.348, 131505376627, vstest.console.dll, RunTestsArgumentProcessor:Execute: Queuing Test run.
TpTrace Information: 0 : 28324, 1, 2023/11/13, 02:10:04.348, 131505378215, vstest.console.dll, TestRequestManager.RunTests: run tests started.
TpTrace Information: 0 : 28324, 1, 2023/11/13, 02:10:04.359, 131505486072, vstest.console.dll, AssemblyMetadataProvider.GetFrameworkName: Determined framework:'.NETCoreApp,Version=v6.0' for source: 'C:\Users\nikit\source\repos\Soft_Dev_Kursach\Test_White_Box\bin\Release\net6.0-windows\fine-code-coverage\build-output\Test_White_Box.dll'
TpTrace Information: 0 : 28324, 1, 2023/11/13, 02:10:04.359, 131505488395, vstest.console.dll, Determined framework for all sources: .NETCoreApp,Version=v6.0
TpTrace Verbose: 0 : 28324, 1, 2023/11/13, 02:10:04.360, 131505491760, vstest.console.dll, TestRequestManager.UpdateRunSettingsIfRequired: Default architecture: X86 IsDefaultTargetArchitecture: True, Current process architecture: X86 OperatingSystem: Windows.
TpTrace Information: 0 : 28324, 1, 2023/11/13, 02:10:04.362, 131505512798, vstest.console.dll, AssemblyMetadataProvider.GetArchitecture: Determined architecture:X86 info for assembly: C:\Users\nikit\source\repos\Soft_Dev_Kursach\Test_White_Box\bin\Release\net6.0-windows\fine-code-coverage\build-output\Test_White_Box.dll
TpTrace Information: 0 : 28324, 1, 2023/11/13, 02:10:04.362, 131505514032, vstest.console.dll, Determined platform for source 'C:\Users\nikit\source\repos\Soft_Dev_Kursach\Test_White_Box\bin\Release\net6.0-windows\fine-code-coverage\build-output\Test_White_Box.dll' was 'X86'.
TpTrace Information: 0 : 28324, 1, 2023/11/13, 02:10:04.362, 131505514446, vstest.console.dll, Determined platform for all sources: X86
TpTrace Information: 0 : 28324, 1, 2023/11/13, 02:10:04.362, 131505515661, vstest.console.dll, Platform was updated to 'X86'.
TpTrace Information: 0 : 28324, 1, 2023/11/13, 02:10:04.367, 131505564455, vstest.console.dll, InferRunSettingsHelper.IsTestSettingsEnabled: Unable to navigate to RunSettings/MSTest. Current node: RunSettings
TpTrace Information: 0 : 28324, 1, 2023/11/13, 02:10:04.367, 131505569392, vstest.console.dll, AssemblyResolver.OnResolve: Microsoft.VisualStudio.TestPlatform.Fakes: Resolving assembly.
TpTrace Information: 0 : 28324, 1, 2023/11/13, 02:10:04.367, 131505570051, vstest.console.dll, AssemblyResolver.OnResolve: Microsoft.VisualStudio.TestPlatform.Fakes: Searching in: 'C:\Program Files (x86)\dotnet\sdk\7.0.400\Extensions'.
TpTrace Information: 0 : 28324, 1, 2023/11/13, 02:10:04.368, 131505570995, vstest.console.dll, AssemblyResolver.OnResolve: Microsoft.VisualStudio.TestPlatform.Fakes: Assembly path does not exist: 'C:\Program Files (x86)\dotnet\sdk\7.0.400\Extensions\Microsoft.VisualStudio.TestPlatform.Fakes.dll', returning.
TpTrace Information: 0 : 28324, 1, 2023/11/13, 02:10:04.368, 131505571648, vstest.console.dll, AssemblyResolver.OnResolve: Microsoft.VisualStudio.TestPlatform.Fakes: Assembly path does not exist: 'C:\Program Files (x86)\dotnet\sdk\7.0.400\Extensions\Microsoft.VisualStudio.TestPlatform.Fakes.exe', returning.
TpTrace Information: 0 : 28324, 1, 2023/11/13, 02:10:04.368, 131505571956, vstest.console.dll, AssemblyResolver.OnResolve: Microsoft.VisualStudio.TestPlatform.Fakes: Searching in: 'C:\Program Files (x86)\dotnet\sdk\7.0.400'.
TpTrace Information: 0 : 28324, 1, 2023/11/13, 02:10:04.368, 131505572516, vstest.console.dll, AssemblyResolver.OnResolve: Microsoft.VisualStudio.TestPlatform.Fakes: Assembly path does not exist: 'C:\Program Files (x86)\dotnet\sdk\7.0.400\Microsoft.VisualStudio.TestPlatform.Fakes.dll', returning.
TpTrace Information: 0 : 28324, 1, 2023/11/13, 02:10:04.368, 131505573050, vstest.console.dll, AssemblyResolver.OnResolve: Microsoft.VisualStudio.TestPlatform.Fakes: Assembly path does not exist: 'C:\Program Files (x86)\dotnet\sdk\7.0.400\Microsoft.VisualStudio.TestPlatform.Fakes.exe', returning.
TpTrace Information: 0 : 28324, 1, 2023/11/13, 02:10:04.368, 131505573368, vstest.console.dll, AssemblyResolver.OnResolve: Microsoft.VisualStudio.TestPlatform.Fakes: Failed to load assembly.
TpTrace Information: 0 : 28324, 1, 2023/11/13, 02:10:04.368, 131505575268, vstest.console.dll, Failed to load assembly Microsoft.VisualStudio.TestPlatform.Fakes, Version=17.0.0.0, Culture=neutral. Reason:System.IO.FileNotFoundException: Could not load file or assembly 'Microsoft.VisualStudio.TestPlatform.Fakes, Version=17.0.0.0, Culture=neutral, PublicKeyToken=null'. Не удается найти указанный файл.
File name: 'Microsoft.VisualStudio.TestPlatform.Fakes, Version=17.0.0.0, Culture=neutral, PublicKeyToken=null'
   at System.Reflection.RuntimeAssembly.InternalLoad(AssemblyName assemblyName, StackCrawlMark& stackMark, AssemblyLoadContext assemblyLoadContext, RuntimeAssembly requestingAssembly, Boolean throwOnFileNotFound)
   at System.Reflection.Assembly.Load(AssemblyName assemblyRef)
   at Microsoft.VisualStudio.TestPlatform.Common.Utilities.FakesUtilities.LoadTestPlatformAssembly() in /_/src/Microsoft.TestPlatform.Common/Utilities/FakesUtilities.cs:line 272
TpTrace Verbose: 0 : 28324, 1, 2023/11/13, 02:10:04.370, 131505597982, vstest.console.dll, TestPluginCache.DiscoverTestExtensions: finding test extensions in assemblies ends with: TestLogger.dll TPluginInfo: Microsoft.VisualStudio.TestPlatform.Common.ExtensionFramework.Utilities.TestLoggerPluginInformation TExtension: Microsoft.VisualStudio.TestPlatform.ObjectModel.Client.ITestLogger
TpTrace Verbose: 0 : 28324, 1, 2023/11/13, 02:10:04.370, 131505598738, vstest.console.dll, TestPluginCache.GetExtensionPaths: Filtered extension paths: 
TpTrace Verbose: 0 : 28324, 1, 2023/11/13, 02:10:04.370, 131505599039, vstest.console.dll, TestPluginCache.GetExtensionPaths: Added default extension paths: C:\Program Files (x86)\dotnet\sdk\7.0.400\Extensions\Microsoft.Diagnostics.NETCore.Client.dll
C:\Program Files (x86)\dotnet\sdk\7.0.400\Extensions\Microsoft.TestPlatform.Extensions.BlameDataCollector.dll
C:\Program Files (x86)\dotnet\sdk\7.0.400\Extensions\Microsoft.TestPlatform.Extensions.EventLogCollector.dll
C:\Program Files (x86)\dotnet\sdk\7.0.400\Extensions\Microsoft.TestPlatform.TestHostRuntimeProvider.dll
C:\Program Files (x86)\dotnet\sdk\7.0.400\Extensions\Microsoft.VisualStudio.TestPlatform.Extensions.Html.TestLogger.dll
C:\Program Files (x86)\dotnet\sdk\7.0.400\Extensions\Microsoft.VisualStudio.TestPlatform.Extensions.Trx.TestLogger.dll
TpTrace Verbose: 0 : 28324, 1, 2023/11/13, 02:10:04.370, 131505599340, vstest.console.dll, TestPluginCache.GetExtensionPaths: Added unfilterableExtensionPaths: 
TpTrace Information: 0 : 28324, 1, 2023/11/13, 02:10:04.371, 131505600315, vstest.console.dll, AssemblyResolver.AddSearchDirectories: Adding more searchDirectories C:\Program Files (x86)\dotnet\sdk\7.0.400\Extensions,C:\Program Files (x86)\dotnet\sdk\7.0.400
TpTrace Verbose: 0 : 28324, 1, 2023/11/13, 02:10:04.371, 131505600710, vstest.console.dll, TestPluginCache.DiscoverTestExtensions: Discovering the extensions using extension path.
TpTrace Verbose: 0 : 28324, 1, 2023/11/13, 02:10:04.371, 131505601000, vstest.console.dll, TestPluginCache.GetExtensionPaths: Filtered extension paths: 
TpTrace Verbose: 0 : 28324, 1, 2023/11/13, 02:10:04.371, 131505601331, vstest.console.dll, TestPluginCache.GetExtensionPaths: Added default extension paths: C:\Program Files (x86)\dotnet\sdk\7.0.400\Extensions\Microsoft.Diagnostics.NETCore.Client.dll
C:\Program Files (x86)\dotnet\sdk\7.0.400\Extensions\Microsoft.TestPlatform.Extensions.BlameDataCollector.dll
C:\Program Files (x86)\dotnet\sdk\7.0.400\Extensions\Microsoft.TestPlatform.Extensions.EventLogCollector.dll
C:\Program Files (x86)\dotnet\sdk\7.0.400\Extensions\Microsoft.TestPlatform.TestHostRuntimeProvider.dll
C:\Program Files (x86)\dotnet\sdk\7.0.400\Extensions\Microsoft.VisualStudio.TestPlatform.Extensions.Html.TestLogger.dll
C:\Program Files (x86)\dotnet\sdk\7.0.400\Extensions\Microsoft.VisualStudio.TestPlatform.Extensions.Trx.TestLogger.dll
TpTrace Verbose: 0 : 28324, 1, 2023/11/13, 02:10:04.371, 131505601983, vstest.console.dll, TestPluginCache.GetExtensionPaths: Added unfilterableExtensionPaths: 
TpTrace Verbose: 0 : 28324, 1, 2023/11/13, 02:10:04.371, 131505602334, vstest.console.dll, TestPluginCache.DiscoverTestExtensions: Discovering the extensions using allExtensionPaths: C:\Program Files (x86)\dotnet\sdk\7.0.400\Extensions\Microsoft.Diagnostics.NETCore.Client.dll
C:\Program Files (x86)\dotnet\sdk\7.0.400\Extensions\Microsoft.TestPlatform.Extensions.BlameDataCollector.dll
C:\Program Files (x86)\dotnet\sdk\7.0.400\Extensions\Microsoft.TestPlatform.Extensions.EventLogCollector.dll
C:\Program Files (x86)\dotnet\sdk\7.0.400\Extensions\Microsoft.TestPlatform.TestHostRuntimeProvider.dll
C:\Program Files (x86)\dotnet\sdk\7.0.400\Extensions\Microsoft.VisualStudio.TestPlatform.Extensions.Html.TestLogger.dll
C:\Program Files (x86)\dotnet\sdk\7.0.400\Extensions\Microsoft.VisualStudio.TestPlatform.Extensions.Trx.TestLogger.dll
TpTrace Information: 0 : 28324, 1, 2023/11/13, 02:10:04.371, 131505602720, vstest.console.dll, AssemblyResolver.AddSearchDirectories: Adding more searchDirectories C:\Program Files (x86)\dotnet\sdk\7.0.400\Extensions,C:\Program Files (x86)\dotnet\sdk\7.0.400
TpTrace Information: 0 : 28324, 1, 2023/11/13, 02:10:04.371, 131505603032, vstest.console.dll, AssemblyResolver.AddSearchDirectories: Adding more searchDirectories C:\Program Files (x86)\dotnet\sdk\7.0.400\Extensions,C:\Program Files (x86)\dotnet\sdk\7.0.400
TpTrace Information: 0 : 28324, 1, 2023/11/13, 02:10:04.371, 131505603299, vstest.console.dll, AssemblyResolver.AddSearchDirectories: Adding more searchDirectories C:\Program Files (x86)\dotnet\sdk\7.0.400\Extensions,C:\Program Files (x86)\dotnet\sdk\7.0.400
TpTrace Information: 0 : 28324, 1, 2023/11/13, 02:10:04.371, 131505603566, vstest.console.dll, AssemblyResolver.AddSearchDirectories: Adding more searchDirectories C:\Program Files (x86)\dotnet\sdk\7.0.400\Extensions,C:\Program Files (x86)\dotnet\sdk\7.0.400
TpTrace Information: 0 : 28324, 1, 2023/11/13, 02:10:04.371, 131505603836, vstest.console.dll, AssemblyResolver.AddSearchDirectories: Adding more searchDirectories C:\Program Files (x86)\dotnet\sdk\7.0.400\Extensions,C:\Program Files (x86)\dotnet\sdk\7.0.400
TpTrace Information: 0 : 28324, 1, 2023/11/13, 02:10:04.371, 131505604130, vstest.console.dll, AssemblyResolver.AddSearchDirectories: Adding more searchDirectories C:\Program Files (x86)\dotnet\sdk\7.0.400\Extensions,C:\Program Files (x86)\dotnet\sdk\7.0.400
TpTrace Verbose: 0 : 28324, 1, 2023/11/13, 02:10:04.371, 131505605184, vstest.console.dll, MetadataReaderExtensionsHelper: Discovering extensions inside assembly 'Microsoft.Diagnostics.NETCore.Client, Version=0.2.8.21101, Culture=neutral, PublicKeyToken=31bf3856ad364e35' file path 'C:\Program Files (x86)\dotnet\sdk\7.0.400\Extensions\Microsoft.Diagnostics.NETCore.Client.dll'
TpTrace Information: 0 : 28324, 1, 2023/11/13, 02:10:04.371, 131505609728, vstest.console.dll, AssemblyResolver.OnResolve: Microsoft.Bcl.AsyncInterfaces: Resolving assembly.
TpTrace Information: 0 : 28324, 1, 2023/11/13, 02:10:04.372, 131505610287, vstest.console.dll, AssemblyResolver.OnResolve: Microsoft.Bcl.AsyncInterfaces: Resolved from cache.
TpTrace Verbose: 0 : 28324, 1, 2023/11/13, 02:10:04.372, 131505610806, vstest.console.dll, CurrentDomainAssemblyResolve: Resolving assembly 'Microsoft.Bcl.AsyncInterfaces'.
TpTrace Information: 0 : 28324, 1, 2023/11/13, 02:10:04.372, 131505611381, vstest.console.dll, AssemblyResolver.OnResolve: Microsoft.Bcl.AsyncInterfaces: Resolving assembly.
TpTrace Information: 0 : 28324, 1, 2023/11/13, 02:10:04.372, 131505611679, vstest.console.dll, AssemblyResolver.OnResolve: Microsoft.Bcl.AsyncInterfaces: Resolved from cache.
TpTrace Verbose: 0 : 28324, 1, 2023/11/13, 02:10:04.372, 131505611941, vstest.console.dll, CurrentDomainAssemblyResolve: Resolving assembly 'Microsoft.Bcl.AsyncInterfaces'.
TpTrace Verbose: 0 : 28324, 1, 2023/11/13, 02:10:04.372, 131505612242, vstest.console.dll, CurrentDomainAssemblyResolve: Failed to resolve assembly 'Microsoft.Bcl.AsyncInterfaces'.
TpTrace Verbose: 0 : 28324, 1, 2023/11/13, 02:10:04.372, 131505613177, vstest.console.dll, CurrentDomainAssemblyResolve: Failed to resolve assembly 'Microsoft.Bcl.AsyncInterfaces'.
TpTrace Warning: 0 : 28324, 1, 2023/11/13, 02:10:04.372, 131505615351, vstest.console.dll, TestPluginDiscoverer: Failed to get types from assembly 'Microsoft.Diagnostics.NETCore.Client, Version=0.2.8.21101, Culture=neutral, PublicKeyToken=31bf3856ad364e35'. Error: System.Reflection.ReflectionTypeLoadException: Unable to load one or more of the requested types.
Could not load file or assembly 'Microsoft.Bcl.AsyncInterfaces, Version=1.0.0.0, Culture=neutral, PublicKeyToken=cc7b13ffcd2ddd51'. Не удается найти указанный файл.
   at System.Reflection.RuntimeModule.GetTypes(RuntimeModule module)
   at System.Reflection.Assembly.GetTypes()
   at Microsoft.VisualStudio.TestPlatform.Common.ExtensionFramework.TestPluginDiscoverer.GetTestExtensionsFromAssembly[TPluginInfo,TExtension](Assembly assembly, Dictionary`2 pluginInfos, String filePath) in /_/src/Microsoft.TestPlatform.Common/ExtensionFramework/TestPluginDiscoverer.cs:line 158
System.IO.FileNotFoundException: Could not load file or assembly 'Microsoft.Bcl.AsyncInterfaces, Version=1.0.0.0, Culture=neutral, PublicKeyToken=cc7b13ffcd2ddd51'. Не удается найти указанный файл.
File name: 'Microsoft.Bcl.AsyncInterfaces, Version=1.0.0.0, Culture=neutral, PublicKeyToken=cc7b13ffcd2ddd51'
 ---> System.IO.FileNotFoundException: Could not load file or assembly 'Microsoft.Bcl.AsyncInterfaces, Culture=neutral, PublicKeyToken=null'. Не удается найти указанный файл.
File name: 'Microsoft.Bcl.AsyncInterfaces, Culture=neutral, PublicKeyToken=null'
   at System.Reflection.RuntimeAssembly.InternalLoad(AssemblyName assemblyName, StackCrawlMark& stackMark, AssemblyLoadContext assemblyLoadContext, RuntimeAssembly requestingAssembly, Boolean throwOnFileNotFound)
   at System.Reflection.Assembly.Load(AssemblyName assemblyRef)
   at Microsoft.VisualStudio.TestPlatform.Common.ExtensionFramework.TestPluginCache.CurrentDomainAssemblyResolve(Object sender, AssemblyResolveEventArgs args) in /_/src/Microsoft.TestPlatform.Common/ExtensionFramework/TestPluginCache.cs:line 513
   at Microsoft.VisualStudio.TestPlatform.PlatformAbstractions.PlatformAssemblyResolver.AssemblyResolverEvent(Object sender, Object eventArgs) in /_/src/Microsoft.TestPlatform.PlatformAbstractions/netcore/Runtime/PlatformAssemblyResolver.cs:line 74
   at System.Runtime.Loader.AssemblyLoadContext.GetFirstResolvedAssemblyFromResolvingEvent(AssemblyName assemblyName)
   at System.Runtime.Loader.AssemblyLoadContext.ResolveUsingEvent(AssemblyName assemblyName)
   at System.Runtime.Loader.AssemblyLoadContext.ResolveUsingResolvingEvent(IntPtr gchManagedAssemblyLoadContext, AssemblyName assemblyName)
TpTrace Warning: 0 : 28324, 1, 2023/11/13, 02:10:04.372, 131505616525, vstest.console.dll, LoaderExceptions: System.IO.FileNotFoundException: Could not load file or assembly 'Microsoft.Bcl.AsyncInterfaces, Version=1.0.0.0, Culture=neutral, PublicKeyToken=cc7b13ffcd2ddd51'. Не удается найти указанный файл.
File name: 'Microsoft.Bcl.AsyncInterfaces, Version=1.0.0.0, Culture=neutral, PublicKeyToken=cc7b13ffcd2ddd51'
 ---> System.IO.FileNotFoundException: Could not load file or assembly 'Microsoft.Bcl.AsyncInterfaces, Culture=neutral, PublicKeyToken=null'. Не удается найти указанный файл.
File name: 'Microsoft.Bcl.AsyncInterfaces, Culture=neutral, PublicKeyToken=null'
   at System.Reflection.RuntimeAssembly.InternalLoad(AssemblyName assemblyName, StackCrawlMark& stackMark, AssemblyLoadContext assemblyLoadContext, RuntimeAssembly requestingAssembly, Boolean throwOnFileNotFound)
   at System.Reflection.Assembly.Load(AssemblyName assemblyRef)
   at Microsoft.VisualStudio.TestPlatform.Common.ExtensionFramework.TestPluginCache.CurrentDomainAssemblyResolve(Object sender, AssemblyResolveEventArgs args) in /_/src/Microsoft.TestPlatform.Common/ExtensionFramework/TestPluginCache.cs:line 513
   at Microsoft.VisualStudio.TestPlatform.PlatformAbstractions.PlatformAssemblyResolver.AssemblyResolverEvent(Object sender, Object eventArgs) in /_/src/Microsoft.TestPlatform.PlatformAbstractions/netcore/Runtime/PlatformAssemblyResolver.cs:line 74
   at System.Runtime.Loader.AssemblyLoadContext.GetFirstResolvedAssemblyFromResolvingEvent(AssemblyName assemblyName)
   at System.Runtime.Loader.AssemblyLoadContext.ResolveUsingEvent(AssemblyName assemblyName)
   at System.Runtime.Loader.AssemblyLoadContext.ResolveUsingResolvingEvent(IntPtr gchManagedAssemblyLoadContext, AssemblyName assemblyName)
TpTrace Verbose: 0 : 28324, 1, 2023/11/13, 02:10:04.372, 131505617101, vstest.console.dll, MetadataReaderExtensionsHelper: Discovering extensions inside assembly 'Microsoft.TestPlatform.Extensions.BlameDataCollector, Version=15.0.0.0, Culture=neutral, PublicKeyToken=b03f5f7f11d50a3a' file path 'C:\Program Files (x86)\dotnet\sdk\7.0.400\Extensions\Microsoft.TestPlatform.Extensions.BlameDataCollector.dll'
TpTrace Information: 0 : 28324, 1, 2023/11/13, 02:10:04.372, 131505620015, vstest.console.dll, GetTestExtensionFromType: Register extension with identifier data 'logger://Microsoft/TestPlatform/Extensions/Blame/v1' and type 'Microsoft.TestPlatform.Extensions.BlameDataCollector.BlameLogger, Microsoft.TestPlatform.Extensions.BlameDataCollector, Version=15.0.0.0, Culture=neutral, PublicKeyToken=b03f5f7f11d50a3a' inside file 'C:\Program Files (x86)\dotnet\sdk\7.0.400\Extensions\Microsoft.TestPlatform.Extensions.BlameDataCollector.dll'
TpTrace Verbose: 0 : 28324, 1, 2023/11/13, 02:10:04.373, 131505620569, vstest.console.dll, MetadataReaderExtensionsHelper: Discovering extensions inside assembly 'Microsoft.TestPlatform.Extensions.EventLogCollector, Version=15.0.0.0, Culture=neutral, PublicKeyToken=b03f5f7f11d50a3a' file path 'C:\Program Files (x86)\dotnet\sdk\7.0.400\Extensions\Microsoft.TestPlatform.Extensions.EventLogCollector.dll'
TpTrace Verbose: 0 : 28324, 1, 2023/11/13, 02:10:04.373, 131505622399, vstest.console.dll, MetadataReaderExtensionsHelper: Discovering extensions inside assembly 'Microsoft.TestPlatform.TestHostRuntimeProvider, Version=15.0.0.0, Culture=neutral, PublicKeyToken=b03f5f7f11d50a3a' file path 'C:\Program Files (x86)\dotnet\sdk\7.0.400\Extensions\Microsoft.TestPlatform.TestHostRuntimeProvider.dll'
TpTrace Verbose: 0 : 28324, 1, 2023/11/13, 02:10:04.373, 131505624334, vstest.console.dll, MetadataReaderExtensionsHelper: Discovering extensions inside assembly 'Microsoft.VisualStudio.TestPlatform.Extensions.Html.TestLogger, Version=15.0.0.0, Culture=neutral, PublicKeyToken=b03f5f7f11d50a3a' file path 'C:\Program Files (x86)\dotnet\sdk\7.0.400\Extensions\Microsoft.VisualStudio.TestPlatform.Extensions.Html.TestLogger.dll'
TpTrace Information: 0 : 28324, 1, 2023/11/13, 02:10:04.373, 131505627534, vstest.console.dll, GetTestExtensionFromType: Register extension with identifier data 'logger://Microsoft/TestPlatform/HtmlLogger/v1' and type 'Microsoft.VisualStudio.TestPlatform.Extensions.HtmlLogger.HtmlLogger, Microsoft.VisualStudio.TestPlatform.Extensions.Html.TestLogger, Version=15.0.0.0, Culture=neutral, PublicKeyToken=b03f5f7f11d50a3a' inside file 'C:\Program Files (x86)\dotnet\sdk\7.0.400\Extensions\Microsoft.VisualStudio.TestPlatform.Extensions.Html.TestLogger.dll'
TpTrace Verbose: 0 : 28324, 1, 2023/11/13, 02:10:04.373, 131505628115, vstest.console.dll, MetadataReaderExtensionsHelper: Discovering extensions inside assembly 'Microsoft.VisualStudio.TestPlatform.Extensions.Trx.TestLogger, Version=15.0.0.0, Culture=neutral, PublicKeyToken=b03f5f7f11d50a3a' file path 'C:\Program Files (x86)\dotnet\sdk\7.0.400\Extensions\Microsoft.VisualStudio.TestPlatform.Extensions.Trx.TestLogger.dll'
TpTrace Information: 0 : 28324, 1, 2023/11/13, 02:10:04.374, 131505630284, vstest.console.dll, GetTestExtensionFromType: Register extension with identifier data 'logger://Microsoft/TestPlatform/TrxLogger/v1' and type 'Microsoft.VisualStudio.TestPlatform.Extensions.TrxLogger.TrxLogger, Microsoft.VisualStudio.TestPlatform.Extensions.Trx.TestLogger, Version=15.0.0.0, Culture=neutral, PublicKeyToken=b03f5f7f11d50a3a' inside file 'C:\Program Files (x86)\dotnet\sdk\7.0.400\Extensions\Microsoft.VisualStudio.TestPlatform.Extensions.Trx.TestLogger.dll'
TpTrace Verbose: 0 : 28324, 1, 2023/11/13, 02:10:04.374, 131505630961, vstest.console.dll, TestPluginCache: Discovered the extensions using extension path ''.
TpTrace Verbose: 0 : 28324, 1, 2023/11/13, 02:10:04.374, 131505631251, vstest.console.dll, TestPluginCache: Discoverers are ''.
TpTrace Verbose: 0 : 28324, 1, 2023/11/13, 02:10:04.374, 131505631490, vstest.console.dll, TestPluginCache: Executors are ''.
TpTrace Verbose: 0 : 28324, 1, 2023/11/13, 02:10:04.374, 131505631726, vstest.console.dll, TestPluginCache: Executors2 are ''.
TpTrace Verbose: 0 : 28324, 1, 2023/11/13, 02:10:04.374, 131505631963, vstest.console.dll, TestPluginCache: Setting providers are ''.
TpTrace Verbose: 0 : 28324, 1, 2023/11/13, 02:10:04.374, 131505632426, vstest.console.dll, TestPluginCache: Loggers are 'logger://Microsoft/TestPlatform/Extensions/Blame/v1,logger://Microsoft/TestPlatform/HtmlLogger/v1,logger://Microsoft/TestPlatform/TrxLogger/v1'.
TpTrace Verbose: 0 : 28324, 1, 2023/11/13, 02:10:04.374, 131505632719, vstest.console.dll, TestPluginCache: TestHosts are 'HostProvider://DefaultTestHost,HostProvider://DotnetTestHost'.
TpTrace Verbose: 0 : 28324, 1, 2023/11/13, 02:10:04.374, 131505632990, vstest.console.dll, TestPluginCache: DataCollectors are ''.
TpTrace Information: 0 : 28324, 1, 2023/11/13, 02:10:04.374, 131505638848, vstest.console.dll, TestPluginManager.CreateTestExtension: Attempting to load test extension: Microsoft.TestPlatform.Extensions.BlameDataCollector.BlameLogger
TpTrace Verbose: 0 : 28324, 1, 2023/11/13, 02:10:04.381, 131505703804, vstest.console.dll, TestEngine: Initializing Parallel Execution as MaxCpuCount is set to: 1
TpTrace Information: 0 : 28324, 1, 2023/11/13, 02:10:04.382, 131505715386, vstest.console.dll, TestPluginManager.CreateTestExtension: Attempting to load test extension: Microsoft.VisualStudio.TestPlatform.CrossPlatEngine.Hosting.DefaultTestHostManager
TpTrace Information: 0 : 28324, 1, 2023/11/13, 02:10:04.383, 131505722335, vstest.console.dll, TestPluginManager.CreateTestExtension: Attempting to load test extension: Microsoft.VisualStudio.TestPlatform.CrossPlatEngine.Hosting.DotnetTestHostManager
TpTrace Information: 0 : 28324, 1, 2023/11/13, 02:10:04.383, 131505726209, vstest.console.dll, InferRunSettingsHelper.IsTestSettingsEnabled: Unable to navigate to RunSettings/MSTest. Current node: RunSettings
TpTrace Verbose: 0 : 28324, 1, 2023/11/13, 02:10:04.387, 131505763656, vstest.console.dll, TestEngine.GetExecutionManager: Chosen execution manager 'Microsoft.VisualStudio.TestPlatform.CrossPlatEngine.Client.Parallel.ParallelProxyExecutionManager, Microsoft.TestPlatform.CrossPlatEngine, Version=15.0.0.0, Culture=neutral, PublicKeyToken=b03f5f7f11d50a3a' ParallelLevel '1'.
TpTrace Verbose: 0 : 28324, 1, 2023/11/13, 02:10:04.387, 131505764922, vstest.console.dll, TestRunRequest.ExecuteAsync: Creating test run request.
TpTrace Verbose: 0 : 28324, 1, 2023/11/13, 02:10:04.387, 131505766742, vstest.console.dll, TestRunRequest.ExecuteAsync: Starting.
TpTrace Information: 0 : 28324, 1, 2023/11/13, 02:10:04.387, 131505768762, vstest.console.dll, TestRunRequest.ExecuteAsync: Starting run with settings:TestRunCriteria:
   KeepAlive=False,FrequencyOfRunStatsChangeEvent=10,RunStatsChangeEventTimeout=00:00:01.5000000,TestCaseFilter=,TestExecutorLauncher=
   Settingsxml=<RunSettings>
  <RunConfiguration>
    <ResultsDirectory>C:\Users\nikit\source\repos\Soft_Dev_Kursach\Test_White_Box\bin\Release\net6.0-windows\fine-code-coverage\coverage-tool-output</ResultsDirectory>
    <TargetPlatform>X86</TargetPlatform>
    <TargetFrameworkVersion>.NETCoreApp,Version=v6.0</TargetFrameworkVersion>
    <DesignMode>False</DesignMode>
    <CollectSourceInformation>False</CollectSourceInformation>
  </RunConfiguration>
  <LoggerRunSettings>
    <Loggers>
      <Logger friendlyName="blame" enabled="True" />
      <Logger friendlyName="Console" uri="logger://microsoft/TestPlatform/ConsoleLogger/v1" assemblyQualifiedName="Microsoft.VisualStudio.TestPlatform.CommandLine.Internal.ConsoleLogger, vstest.console, Version=15.0.0.0, Culture=neutral, PublicKeyToken=b03f5f7f11d50a3a" codeBase="C:\Program Files (x86)\dotnet\sdk\7.0.400\vstest.console.dll" enabled="True" />
    </Loggers>
  </LoggerRunSettings>
  <DataCollectionRunSettings>
    <DataCollectors>
      <DataCollector friendlyName="blame" enabled="True">
        <Configuration>
          <ResultsDirectory>C:\Users\nikit\source\repos\Soft_Dev_Kursach\Test_White_Box\bin\Release\net6.0-windows\fine-code-coverage\coverage-tool-output</ResultsDirectory>
        </Configuration>
      </DataCollector>
    </DataCollectors>
  </DataCollectionRunSettings>
</RunSettings>

TpTrace Verbose: 0 : 28324, 1, 2023/11/13, 02:10:04.387, 131505769245, vstest.console.dll, TestRunRequest.ExecuteAsync: Wait for the first run request is over.
TpTrace Verbose: 0 : 28324, 1, 2023/11/13, 02:10:04.388, 131505771343, vstest.console.dll, MulticastDelegateUtilities.SafeInvoke: TestRun.TestRunStart: Invoking callbacks was skipped because there are no subscribers.
TpTrace Verbose: 0 : 28324, 4, 2023/11/13, 02:10:04.388, 131505773310, vstest.console.dll, MulticastDelegateUtilities.SafeInvoke: InternalTestLoggerEvents.SendTestRunStart: Invoking callback 1/1 for Microsoft.VisualStudio.TestPlatform.CommandLine.Internal.ConsoleLogger., took 0 ms.
TpTrace Verbose: 0 : 28324, 1, 2023/11/13, 02:10:04.389, 131505780279, vstest.console.dll, ParallelProxyExecutionManager: Start execution. Total sources: 1
TpTrace Verbose: 0 : 28324, 1, 2023/11/13, 02:10:04.390, 131505792831, vstest.console.dll, TestRequestSender is acting as server.
TpTrace Verbose: 0 : 28324, 1, 2023/11/13, 02:10:04.391, 131505807532, vstest.console.dll, ParallelOperationManager.RunWorkInParallel: Started work on a host.
TpTrace Verbose: 0 : 28324, 1, 2023/11/13, 02:10:04.392, 131505813447, vstest.console.dll, ProxyParallelExecutionManager: No sources available for execution.
TpTrace Information: 0 : 28324, 1, 2023/11/13, 02:10:04.392, 131505814020, vstest.console.dll, TestRunRequest.ExecuteAsync: Started.
TpTrace Verbose: 0 : 28324, 1, 2023/11/13, 02:10:04.392, 131505814762, vstest.console.dll, TestRunRequest.WaitForCompletion: Waiting with timeout -1.
TpTrace Verbose: 0 : 28324, 5, 2023/11/13, 02:10:04.392, 131505816601, vstest.console.dll, DataCollectionRequestSender.InitializeCommunication : Initialize communication. 
TpTrace Information: 0 : 28324, 5, 2023/11/13, 02:10:04.396, 131505851198, vstest.console.dll, Listening on Endpoint : 127.0.0.1:50413
TpTrace Verbose: 0 : 28324, 5, 2023/11/13, 02:10:04.400, 131505900060, vstest.console.dll, DotnetDataCollectionLauncher: Adding  --runtimeconfig "C:\Program Files (x86)\dotnet\sdk\7.0.400\datacollector.runtimeconfig.json" in args
TpTrace Verbose: 0 : 28324, 5, 2023/11/13, 02:10:04.401, 131505900974, vstest.console.dll, DotnetDataCollectionLauncher: Adding  --depsfile "C:\Program Files (x86)\dotnet\sdk\7.0.400\datacollector.deps.json" in args
TpTrace Verbose: 0 : 28324, 5, 2023/11/13, 02:10:04.401, 131505902182, vstest.console.dll, DotnetDataCollectionLauncher: Full path of dotnet.exe is C:\Program Files (x86)\dotnet\dotnet.exe
TpTrace Information: 0 : 28324, 5, 2023/11/13, 02:10:04.408, 131505970374, vstest.console.dll, ProxyDataCollectionManager.Initialize: Launched datacollector processId: 6184 port: 50413
TpTrace Information: 0 : 28324, 5, 2023/11/13, 02:10:04.408, 131505972000, vstest.console.dll, ProxyDataCollectionManager.Initialize: waiting for connection with timeout: 90 seconds
TpTrace Verbose: 0 : 28324, 5, 2023/11/13, 02:10:04.408, 131505972729, vstest.console.dll, DataCollectionRequestSender.WaitForRequestHandlerConnection : Waiting for connection with timeout: 90000
TpTrace Information: 0 : 28324, 7, 2023/11/13, 02:10:04.535, 131507243703, vstest.console.dll, Using the buffer size of 16384 bytes
TpTrace Verbose: 0 : 28324, 5, 2023/11/13, 02:10:04.535, 131507243806, vstest.console.dll, SocketCommunicationManager.WaitForClientConnection took: 127 ms, with 90000 ms timeout, and finished with True.
TpTrace Information: 0 : 28324, 7, 2023/11/13, 02:10:04.535, 131507244750, vstest.console.dll, Accepted Client request and set the flag
TpTrace Verbose: 0 : 28324, 5, 2023/11/13, 02:10:04.535, 131507245713, vstest.console.dll, ProxyDataCollectionManager.InvokeDataCollectionServiceAction: Starting.
TpTrace Information: 0 : 28324, 5, 2023/11/13, 02:10:04.535, 131507246239, vstest.console.dll, ProxyDataCollectionManager.BeforeTestRunStart: Get environment variable and port for datacollector processId: 6184 port: 50413
TpTrace Verbose: 0 : 28324, 5, 2023/11/13, 02:10:04.535, 131507247006, vstest.console.dll, DataCollectionRequestSender.SendBeforeTestRunStartAndGetResult: Send BeforeTestRunStart message with settingsXml <RunSettings><RunConfiguration><ResultsDirectory>C:\Users\nikit\source\repos\Soft_Dev_Kursach\Test_White_Box\bin\Release\net6.0-windows\fine-code-coverage\coverage-tool-output</ResultsDirectory><TargetPlatform>X86</TargetPlatform><TargetFrameworkVersion>.NETCoreApp,Version=v6.0</TargetFrameworkVersion><DesignMode>False</DesignMode><CollectSourceInformation>False</CollectSourceInformation><TestAdaptersPaths>C:\Program Files (x86)\dotnet\sdk\7.0.400\Extensions</TestAdaptersPaths></RunConfiguration><LoggerRunSettings><Loggers><Logger friendlyName="blame" enabled="True" /><Logger friendlyName="Console" uri="logger://microsoft/TestPlatform/ConsoleLogger/v1" assemblyQualifiedName="Microsoft.VisualStudio.TestPlatform.CommandLine.Internal.ConsoleLogger, vstest.console, Version=15.0.0.0, Culture=neutral, PublicKeyToken=b03f5f7f11d50a3a" codeBase="C:\Program Files (x86)\dotnet\sdk\7.0.400\vstest.console.dll" enabled="True" /></Loggers></LoggerRunSettings><DataCollectionRunSettings><DataCollectors><DataCollector friendlyName="blame" enabled="True"><Configuration><ResultsDirectory>C:\Users\nikit\source\repos\Soft_Dev_Kursach\Test_White_Box\bin\Release\net6.0-windows\fine-code-coverage\coverage-tool-output</ResultsDirectory></Configuration></DataCollector></DataCollectors></DataCollectionRunSettings></RunSettings> and sources System.Collections.Generic.List`1[System.String]: 
TpTrace Verbose: 0 : 28324, 5, 2023/11/13, 02:10:04.593, 131507827021, vstest.console.dll, DataCollectionRequestSender.SendBeforeTestRunStartAndGetResult: Received message: (DataCollection.SendMessage) -> {"MessageType":"DataCollection.SendMessage","Payload":{"FriendlyName":null,"Uri":null,"TestCaseId":"00000000-0000-0000-0000-000000000000","Message":"Logging DataCollector Diagnostics in file: C:\\Users\\nikit\\source\\repos\\Soft_Dev_Kursach\\Test_White_Box\\bin\\Release\\net6.0-windows\\fine-code-coverage\\coverage-tool-output\\diagnostics.datacollector.23-11-13_02-10-04_40084_5.log","Level":0}}
TpTrace Verbose: 0 : 28324, 5, 2023/11/13, 02:10:04.650, 131508394866, vstest.console.dll, DataCollectionRequestSender.SendBeforeTestRunStartAndGetResult: Received message: (DataCollection.BeforeTestRunStartResult) -> {"MessageType":"DataCollection.BeforeTestRunStartResult","Payload":{"EnvironmentVariables":{},"DataCollectionEventsPort":50415}}
TpTrace Information: 0 : 28324, 5, 2023/11/13, 02:10:04.654, 131508431401, vstest.console.dll, ProxyDataCollectionManager.BeforeTestRunStart: SendBeforeTestRunStartAndGetResult successful, env variable from datacollector:   and testhost port: 50415
TpTrace Information: 0 : 28324, 5, 2023/11/13, 02:10:04.654, 131508432203, vstest.console.dll, ProxyDataCollectionManager.InvokeDataCollectionServiceAction: Completed.
TpTrace Verbose: 0 : 28324, 5, 2023/11/13, 02:10:04.654, 131508432945, vstest.console.dll, ProxyExecutionManager: Test host is always Lazy initialize.
TpTrace Verbose: 0 : 28324, 5, 2023/11/13, 02:10:04.654, 131508434718, vstest.console.dll, TestRequestSender.InitializeCommunication: initialize communication. 
TpTrace Information: 0 : 28324, 5, 2023/11/13, 02:10:04.654, 131508438165, vstest.console.dll, SocketServer.Start: Listening on endpoint : 127.0.0.1:50416
TpTrace Verbose: 0 : 28324, 5, 2023/11/13, 02:10:04.655, 131508443414, vstest.console.dll, DotnetTestHostmanager.GetTestHostProcessStartInfo: Platform environment 'X64' target architecture 'X86' framework '.NETCoreApp,Version=v6.0' OS 'Windows'
TpTrace Verbose: 0 : 28324, 5, 2023/11/13, 02:10:04.655, 131508445501, vstest.console.dll, DotnetTestHostmanager: Adding  --runtimeconfig "C:\Users\nikit\source\repos\Soft_Dev_Kursach\Test_White_Box\bin\Release\net6.0-windows\fine-code-coverage\build-output\Test_White_Box.runtimeconfig.json" in args
TpTrace Verbose: 0 : 28324, 5, 2023/11/13, 02:10:04.655, 131508446366, vstest.console.dll, DotnetTestHostmanager: Adding  --depsfile "C:\Users\nikit\source\repos\Soft_Dev_Kursach\Test_White_Box\bin\Release\net6.0-windows\fine-code-coverage\build-output\Test_White_Box.deps.json" in args
TpTrace Verbose: 0 : 28324, 5, 2023/11/13, 02:10:04.655, 131508447676, vstest.console.dll, DotnetTestHostmanager.IsWinOnArm: Current PROCESSOR_ARCHITECTURE from environment variable 'AMD64'
TpTrace Verbose: 0 : 28324, 5, 2023/11/13, 02:10:04.655, 131508448118, vstest.console.dll, DotnetTestHostmanager.IsWinOnArm: Is Windows on ARM 'False'
TpTrace Verbose: 0 : 28324, 5, 2023/11/13, 02:10:04.655, 131508448840, vstest.console.dll, DotnetTestHostManager: testhost.x86.exe found at path: C:\Users\nikit\source\repos\Soft_Dev_Kursach\Test_White_Box\bin\Release\net6.0-windows\fine-code-coverage\build-output\testhost.x86.exe
TpTrace Verbose: 0 : 28324, 5, 2023/11/13, 02:10:04.655, 131508449206, vstest.console.dll, DotnetTestHostmanager: Full path of host exe is C:\Users\nikit\source\repos\Soft_Dev_Kursach\Test_White_Box\bin\Release\net6.0-windows\fine-code-coverage\build-output\testhost.x86.exe
TpTrace Verbose: 0 : 28324, 5, 2023/11/13, 02:10:04.656, 131508450180, vstest.console.dll, DotnetTestHostmanager.LaunchTestHostAsync: Found 'VSTEST_WINAPPHOST_DOTNET_ROOT(x86)' in env variables, value 'C:\Program Files (x86)\dotnet', forwarding to 'DOTNET_ROOT(x86)'
TpTrace Verbose: 0 : 28324, 5, 2023/11/13, 02:10:04.656, 131508451311, vstest.console.dll, DotnetTestHostManager: Starting process 'C:\Users\nikit\source\repos\Soft_Dev_Kursach\Test_White_Box\bin\Release\net6.0-windows\fine-code-coverage\build-output\testhost.x86.exe' with command line ' --runtimeconfig "C:\Users\nikit\source\repos\Soft_Dev_Kursach\Test_White_Box\bin\Release\net6.0-windows\fine-code-coverage\build-output\Test_White_Box.runtimeconfig.json" --depsfile "C:\Users\nikit\source\repos\Soft_Dev_Kursach\Test_White_Box\bin\Release\net6.0-windows\fine-code-coverage\build-output\Test_White_Box.deps.json" --port 50416 --endpoint 127.0.0.1:050416 --role client --parentprocessid 28324 --diag "C:\Users\nikit\source\repos\Soft_Dev_Kursach\Test_White_Box\bin\Release\net6.0-windows\fine-code-coverage\coverage-tool-output\diagnostics.host.23-11-13_02-10-04_65507_5.log" --tracelevel 4 --datacollectionport 50415 --telemetryoptedin false'
TpTrace Verbose: 0 : 28324, 5, 2023/11/13, 02:10:04.664, 131508530813, vstest.console.dll, MulticastDelegateUtilities.SafeInvoke: HostProviderEvents.OnHostLaunched: Invoking callback 1/2 for Microsoft.VisualStudio.TestPlatform.CrossPlatEngine.Client.ProxyExecutionManagerWithDataCollection., took 1 ms.
TpTrace Verbose: 0 : 28324, 5, 2023/11/13, 02:10:04.664, 131508533445, vstest.console.dll, Test Runtime launched
TpTrace Verbose: 0 : 28324, 5, 2023/11/13, 02:10:04.664, 131508534038, vstest.console.dll, MulticastDelegateUtilities.SafeInvoke: HostProviderEvents.OnHostLaunched: Invoking callback 2/2 for Microsoft.VisualStudio.TestPlatform.CrossPlatEngine.Client.ProxyOperationManager., took 0 ms.
TpTrace Verbose: 0 : 28324, 5, 2023/11/13, 02:10:04.664, 131508535211, vstest.console.dll, TestRequestSender.WaitForRequestHandlerConnection: waiting for connection with timeout: 90000.
TpTrace Verbose: 0 : 28324, 7, 2023/11/13, 02:10:04.801, 131509906174, vstest.console.dll, MulticastDelegateUtilities.SafeInvoke: SocketServer: ClientConnected: Invoking callback 1/1 for Microsoft.VisualStudio.TestPlatform.CommunicationUtilities.TestRequestSender., took 0 ms.
TpTrace Verbose: 0 : 28324, 5, 2023/11/13, 02:10:04.801, 131509906172, vstest.console.dll, TestRequestSender.WaitForRequestHandlerConnection: waiting took 137 ms, with timeout 90000 ms, and result 0, which is success.
TpTrace Verbose: 0 : 28324, 7, 2023/11/13, 02:10:04.801, 131509907118, vstest.console.dll, SocketServer.OnClientConnected: Client connected for endPoint: 127.0.0.1:50416, starting MessageLoopAsync:
TpTrace Verbose: 0 : 28324, 14, 2023/11/13, 02:10:04.802, 131509910474, vstest.console.dll, TcpClientExtensions.MessageLoopAsync: Polling on remoteEndPoint: 127.0.0.1:50417 localEndPoint: 127.0.0.1:50416
TpTrace Verbose: 0 : 28324, 5, 2023/11/13, 02:10:04.802, 131509914754, vstest.console.dll, TestRequestSender.CheckVersionWithTestHost: Sending check version message: {"MessageType":"ProtocolVersion","Payload":7}
TpTrace Verbose: 0 : 28324, 14, 2023/11/13, 02:10:04.906, 131510958728, vstest.console.dll, TcpClientExtensions.MessageLoopAsync: NotifyDataAvailable remoteEndPoint: 127.0.0.1:50417 localEndPoint: 127.0.0.1:50416
TpTrace Verbose: 0 : 28324, 14, 2023/11/13, 02:10:04.907, 131510960573, vstest.console.dll, TestRequestSender.CheckVersionWithTestHost: onMessageReceived received message: (ProtocolVersion) -> {"MessageType":"ProtocolVersion","Payload":7}
TpTrace Verbose: 0 : 28324, 14, 2023/11/13, 02:10:04.907, 131510965711, vstest.console.dll, MulticastDelegateUtilities.SafeInvoke: LengthPrefixCommunicationChannel: MessageReceived: Invoking callback 1/1 for Microsoft.VisualStudio.TestPlatform.CommunicationUtilities.TestRequestSender+<>c__DisplayClass29_0., took 0 ms.
TpTrace Verbose: 0 : 28324, 14, 2023/11/13, 02:10:04.907, 131510966782, vstest.console.dll, TcpClientExtensions.MessageLoopAsync: Polling on remoteEndPoint: 127.0.0.1:50417 localEndPoint: 127.0.0.1:50416
TpTrace Verbose: 0 : 28324, 5, 2023/11/13, 02:10:04.907, 131510967163, vstest.console.dll, TestPluginCache.GetExtensionPaths: Filtered extension paths: 
TpTrace Verbose: 0 : 28324, 5, 2023/11/13, 02:10:04.907, 131510967916, vstest.console.dll, TestPluginCache.GetExtensionPaths: Added default extension paths: C:\Program Files (x86)\dotnet\sdk\7.0.400\Extensions\Microsoft.Diagnostics.NETCore.Client.dll
C:\Program Files (x86)\dotnet\sdk\7.0.400\Extensions\Microsoft.TestPlatform.Extensions.BlameDataCollector.dll
C:\Program Files (x86)\dotnet\sdk\7.0.400\Extensions\Microsoft.TestPlatform.Extensions.EventLogCollector.dll
C:\Program Files (x86)\dotnet\sdk\7.0.400\Extensions\Microsoft.TestPlatform.TestHostRuntimeProvider.dll
C:\Program Files (x86)\dotnet\sdk\7.0.400\Extensions\Microsoft.VisualStudio.TestPlatform.Extensions.Html.TestLogger.dll
C:\Program Files (x86)\dotnet\sdk\7.0.400\Extensions\Microsoft.VisualStudio.TestPlatform.Extensions.Trx.TestLogger.dll
TpTrace Verbose: 0 : 28324, 5, 2023/11/13, 02:10:04.907, 131510968274, vstest.console.dll, TestPluginCache.GetExtensionPaths: Added unfilterableExtensionPaths: 
TpTrace Verbose: 0 : 28324, 5, 2023/11/13, 02:10:04.909, 131510989568, vstest.console.dll, TestRequestSender.InitializeExecution: Sending initialize execution with message: {"Version":7,"MessageType":"TestExecution.Initialize","Payload":["C:\\Users\\nikit\\source\\repos\\Soft_Dev_Kursach\\Test_White_Box\\bin\\Release\\net6.0-windows\\fine-code-coverage\\build-output\\Microsoft.VisualStudio.TestPlatform.MSTest.TestAdapter.dll"]}
TpTrace Verbose: 0 : 28324, 5, 2023/11/13, 02:10:04.910, 131510991753, vstest.console.dll, ParallelProxyExecutionManager: Execution started. Started clients: 1
TpTrace Verbose: 0 : 28324, 5, 2023/11/13, 02:10:04.910, 131510994016, vstest.console.dll, TestRunRequest:SendTestRunMessage: Starting.
TpTrace Verbose: 0 : 28324, 5, 2023/11/13, 02:10:04.910, 131510995216, vstest.console.dll, MulticastDelegateUtilities.SafeInvoke: TestRun.LogMessages: Invoking callback 1/1 for Microsoft.VisualStudio.TestPlatform.CommandLine.TestRunResultAggregator., took 0 ms.
TpTrace Information: 0 : 28324, 5, 2023/11/13, 02:10:04.910, 131510995555, vstest.console.dll, TestRunRequest:SendTestRunMessage: Completed.
TpTrace Verbose: 0 : 28324, 4, 2023/11/13, 02:10:04.910, 131510996855, vstest.console.dll, MulticastDelegateUtilities.SafeInvoke: InternalTestLoggerEvents.SendTestRunMessage: Invoking callback 1/1 for Microsoft.VisualStudio.TestPlatform.CommandLine.Internal.ConsoleLogger., took 0 ms.
TpTrace Warning: 0 : 28324, 5, 2023/11/13, 02:10:04.910, 131510998473, vstest.console.dll, InferRunSettingsHelper.MakeRunsettingsCompatible: Removing the following settings: TargetPlatform from RunSettings file. To use those settings please move to latest version of Microsoft.NET.Test.Sdk
TpTrace Verbose: 0 : 28324, 14, 2023/11/13, 02:10:04.911, 131511007735, vstest.console.dll, TcpClientExtensions.MessageLoopAsync: NotifyDataAvailable remoteEndPoint: 127.0.0.1:50417 localEndPoint: 127.0.0.1:50416
TpTrace Verbose: 0 : 28324, 14, 2023/11/13, 02:10:04.911, 131511009450, vstest.console.dll, TestRequestSender.OnExecutionMessageReceived: Received message: {"Version":7,"MessageType":"TestSession.Message","Payload":{"MessageLevel":0,"Message":"Ведение журналов диагностики TestHost в файле: C:\\Users\\nikit\\source\\repos\\Soft_Dev_Kursach\\Test_White_Box\\bin\\Release\\net6.0-windows\\fine-code-coverage\\coverage-tool-output\\diagnostics.host.23-11-13_02-10-04_65507_5.log"}}
TpTrace Verbose: 0 : 28324, 14, 2023/11/13, 02:10:04.913, 131511024128, vstest.console.dll, TestRunRequest:SendTestRunMessage: Starting.
TpTrace Verbose: 0 : 28324, 14, 2023/11/13, 02:10:04.913, 131511025024, vstest.console.dll, MulticastDelegateUtilities.SafeInvoke: TestRun.LogMessages: Invoking callback 1/1 for Microsoft.VisualStudio.TestPlatform.CommandLine.TestRunResultAggregator., took 0 ms.
TpTrace Information: 0 : 28324, 14, 2023/11/13, 02:10:04.913, 131511025346, vstest.console.dll, TestRunRequest:SendTestRunMessage: Completed.
TpTrace Verbose: 0 : 28324, 4, 2023/11/13, 02:10:04.913, 131511025364, vstest.console.dll, MulticastDelegateUtilities.SafeInvoke: InternalTestLoggerEvents.SendTestRunMessage: Invoking callback 1/1 for Microsoft.VisualStudio.TestPlatform.CommandLine.Internal.ConsoleLogger., took 0 ms.
TpTrace Verbose: 0 : 28324, 14, 2023/11/13, 02:10:04.913, 131511025683, vstest.console.dll, MulticastDelegateUtilities.SafeInvoke: LengthPrefixCommunicationChannel: MessageReceived: Invoking callback 1/1 for Microsoft.VisualStudio.TestPlatform.CommunicationUtilities.TestRequestSender+<>c__DisplayClass34_0., took 1 ms.
TpTrace Verbose: 0 : 28324, 14, 2023/11/13, 02:10:04.913, 131511026520, vstest.console.dll, TcpClientExtensions.MessageLoopAsync: Polling on remoteEndPoint: 127.0.0.1:50417 localEndPoint: 127.0.0.1:50416
TpTrace Verbose: 0 : 28324, 5, 2023/11/13, 02:10:04.915, 131511043157, vstest.console.dll, TestRequestSender.StartTestRun: Sending test run with message: {"Version":7,"MessageType":"TestExecution.StartWithSources","Payload":{"AdapterSourceMap":{"_none_":["C:\\Users\\nikit\\source\\repos\\Soft_Dev_Kursach\\Test_White_Box\\bin\\Release\\net6.0-windows\\fine-code-coverage\\build-output\\Test_White_Box.dll"]},"RunSettings":"<RunSettings>\r\n  <RunConfiguration>\r\n    <ResultsDirectory>C:\\Users\\nikit\\source\\repos\\Soft_Dev_Kursach\\Test_White_Box\\bin\\Release\\net6.0-windows\\fine-code-coverage\\coverage-tool-output</ResultsDirectory>\r\n    <TargetFrameworkVersion>.NETCoreApp,Version=v6.0</TargetFrameworkVersion>\r\n    <DesignMode>False</DesignMode>\r\n    <CollectSourceInformation>False</CollectSourceInformation>\r\n  </RunConfiguration>\r\n  <LoggerRunSettings>\r\n    <Loggers>\r\n      <Logger friendlyName=\"blame\" enabled=\"True\" />\r\n      <Logger friendlyName=\"Console\" uri=\"logger://microsoft/TestPlatform/ConsoleLogger/v1\" assemblyQualifiedName=\"Microsoft.VisualStudio.TestPlatform.CommandLine.Internal.ConsoleLogger, vstest.console, Version=15.0.0.0, Culture=neutral, PublicKeyToken=b03f5f7f11d50a3a\" codeBase=\"C:\\Program Files (x86)\\dotnet\\sdk\\7.0.400\\vstest.console.dll\" enabled=\"True\" />\r\n    </Loggers>\r\n  </LoggerRunSettings>\r\n  <DataCollectionRunSettings>\r\n    <DataCollectors>\r\n      <DataCollector friendlyName=\"blame\" enabled=\"True\">\r\n        <Configuration>\r\n          <ResultsDirectory>C:\\Users\\nikit\\source\\repos\\Soft_Dev_Kursach\\Test_White_Box\\bin\\Release\\net6.0-windows\\fine-code-coverage\\coverage-tool-output</ResultsDirectory>\r\n        </Configuration>\r\n      </DataCollector>\r\n    </DataCollectors>\r\n  </DataCollectionRunSettings>\r\n</RunSettings>","TestExecutionContext":{"FrequencyOfRunStatsChangeEvent":10,"RunStatsChangeEventTimeout":"00:00:01.5000000","InIsolation":false,"KeepAlive":false,"AreTestCaseLevelEventsRequired":false,"IsDebug":false,"TestCaseFilter":null,"FilterOptions":null},"Package":null}}
TpTrace Verbose: 0 : 28324, 14, 2023/11/13, 02:10:05.271, 131514608285, vstest.console.dll, TcpClientExtensions.MessageLoopAsync: NotifyDataAvailable remoteEndPoint: 127.0.0.1:50417 localEndPoint: 127.0.0.1:50416
TpTrace Verbose: 0 : 28324, 14, 2023/11/13, 02:10:05.272, 131514613589, vstest.console.dll, TestRequestSender.OnExecutionMessageReceived: Received message: {"Version":7,"MessageType":"TestExecution.StatsChange","Payload":{"NewTestResults":[{"TestCase":{"Id":"1baeaac9-c956-d6a3-190b-961e2ad9b27f","FullyQualifiedName":"Test_White_Box.LicenseKeyGeneratorTests.GenerateLicenseKey_GeneratesValidLicenseKey","DisplayName":"GenerateLicenseKey_GeneratesValidLicenseKey","ExecutorUri":"executor://MSTestAdapter/v2","Source":"C:\\Users\\nikit\\source\\repos\\Soft_Dev_Kursach\\Test_White_Box\\bin\\Release\\net6.0-windows\\fine-code-coverage\\build-output\\Test_White_Box.dll","CodeFilePath":null,"LineNumber":-1,"Properties":[{"Key":{"Id":"MSTestDiscoverer.TestClassName","Label":"ClassName","Category":"","Description":"","Attributes":1,"ValueType":"System.String"},"Value":"Test_White_Box.LicenseKeyGeneratorTests"},{"Key":{"Id":"MSTest.TestIdGenerationStrategy","Label":"TestIdGenerationStrategy","Category":"","Description":"","Attributes":1,"ValueType":"System.Int32"},"Value":2},{"Key":{"Id":"TestObject.Traits","Label":"Признаки","Category":"","Description":"","Attributes":5,"ValueType":"System.Collections.Generic.KeyValuePair`2[[System.String],[System.String]][]"},"Value":[]},{"Key":{"Id":"TestCase.Hierarchy","Label":"Hierarchy","Category":"","Description":"","Attributes":2,"ValueType":"System.String[]"},"Value":[null,"Test_White_Box","LicenseKeyGeneratorTests","GenerateLicenseKey_GeneratesValidLicenseKey"]},{"Key":{"Id":"TestCase.ManagedType","Label":"ManagedType","Category":"","Description":"","Attributes":1,"ValueType":"System.String"},"Value":"Test_White_Box.LicenseKeyGeneratorTests"},{"Key":{"Id":"TestCase.ManagedMethod","Label":"ManagedMethod","Category":"","Description":"","Attributes":1,"ValueType":"System.String"},"Value":"GenerateLicenseKey_GeneratesValidLicenseKey"}]},"Attachments":[],"Outcome":1,"ErrorMessage":null,"ErrorStackTrace":null,"DisplayName":"GenerateLicenseKey_GeneratesValidLicenseKey","Messages":[{"Category":"StdOutMsgs","Text":"Длина лицензионного ключа: 36\r\n"}],"ComputerName":"DESKTOP-CMPG4AM","Duration":"00:00:00.0506131","StartTime":"2023-11-13T02:10:05.1418887+07:00","EndTime":"2023-11-13T02:10:05.2059785+07:00","Properties":[{"Key":{"Id":"ParentExecId","Label":"ParentExecId","Category":"","Description":"","Attributes":1,"ValueType":"System.Guid"},"Value":"00000000-0000-0000-0000-000000000000"},{"Key":{"Id":"ExecutionId","Label":"ExecutionId","Category":"","Description":"","Attributes":1,"ValueType":"System.Guid"},"Value":"00000000-0000-0000-0000-000000000000"},{"Key":{"Id":"InnerResultsCount","Label":"InnerResultsCount","Category":"","Description":"","Attributes":1,"ValueType":"System.Int32"},"Value":0}]},{"TestCase":{"Id":"f5dbc7f6-e17c-ac73-3021-3e9b9bd81b3e","FullyQualifiedName":"Test_White_Box.LicenseKeyGeneratorTests.EncryptAdditionalData","DisplayName":"EncryptAdditionalData","ExecutorUri":"executor://MSTestAdapter/v2","Source":"C:\\Users\\nikit\\source\\repos\\Soft_Dev_Kursach\\Test_White_Box\\bin\\Release\\net6.0-windows\\fine-code-coverage\\build-output\\Test_White_Box.dll","CodeFilePath":null,"LineNumber":-1,"Properties":[{"Key":{"Id":"MSTestDiscoverer.TestClassName","Label":"ClassName","Category":"","Description":"","Attributes":1,"ValueType":"System.String"},"Value":"Test_White_Box.LicenseKeyGeneratorTests"},{"Key":{"Id":"MSTest.TestIdGenerationStrategy","Label":"TestIdGenerationStrategy","Category":"","Description":"","Attributes":1,"ValueType":"System.Int32"},"Value":2},{"Key":{"Id":"TestObject.Traits","Label":"Признаки","Category":"","Description":"","Attributes":5,"ValueType":"System.Collections.Generic.KeyValuePair`2[[System.String],[System.String]][]"},"Value":[]},{"Key":{"Id":"TestCase.Hierarchy","Label":"Hierarchy","Category":"","Description":"","Attributes":2,"ValueType":"System.String[]"},"Value":[null,"Test_White_Box","LicenseKeyGeneratorTests","EncryptAdditionalData"]},{"Key":{"Id":"TestCase.ManagedType","Label":"ManagedType","Category":"","Description":"","Attributes":1,"ValueType":"System.String"},"Value":"Test_White_Box.LicenseKeyGeneratorTests"},{"Key":{"Id":"TestCase.ManagedMethod","Label":"ManagedMethod","Category":"","Description":"","Attributes":1,"ValueType":"System.String"},"Value":"EncryptAdditionalData"}]},"Attachments":[],"Outcome":1,"ErrorMessage":null,"ErrorStackTrace":null,"DisplayName":"EncryptAdditionalData","Messages":[{"Category":"StdOutMsgs","Text":"Шифрованные данные: bLC9nMzVvL3TnJ64wrs=\r\n"}],"ComputerName":"DESKTOP-CMPG4AM","Duration":"00:00:00.0004367","StartTime":"2023-11-13T02:10:05.2221299+07:00","EndTime":"2023-11-13T02:10:05.2227673+07:00","Properties":[{"Key":{"Id":"ParentExecId","Label":"ParentExecId","Category":"","Description":"","Attributes":1,"ValueType":"System.Guid"},"Value":"00000000-0000-0000-0000-000000000000"},{"Key":{"Id":"ExecutionId","Label":"ExecutionId","Category":"","Description":"","Attributes":1,"ValueType":"System.Guid"},"Value":"00000000-0000-0000-0000-000000000000"},{"Key":{"Id":"InnerResultsCount","Label":"InnerResultsCount","Category":"","Description":"","Attributes":1,"ValueType":"System.Int32"},"Value":0}]},{"TestCase":{"Id":"55149343-9515-e457-63d7-3ffffcf85417","FullyQualifiedName":"Test_White_Box.LicenseKeyGeneratorTests.SubstituteAlphabet_ReplacesCharacters","DisplayName":"SubstituteAlphabet_ReplacesCharacters","ExecutorUri":"executor://MSTestAdapter/v2","Source":"C:\\Users\\nikit\\source\\repos\\Soft_Dev_Kursach\\Test_White_Box\\bin\\Release\\net6.0-windows\\fine-code-coverage\\build-output\\Test_White_Box.dll","CodeFilePath":null,"LineNumber":-1,"Properties":[{"Key":{"Id":"MSTestDiscoverer.TestClassName","Label":"ClassName","Category":"","Description":"","Attributes":1,"ValueType":"System.String"},"Value":"Test_White_Box.LicenseKeyGeneratorTests"},{"Key":{"Id":"MSTest.TestIdGenerationStrategy","Label":"TestIdGenerationStrategy","Category":"","Description":"","Attributes":1,"ValueType":"System.Int32"},"Value":2},{"Key":{"Id":"TestObject.Traits","Label":"Признаки","Category":"","Description":"","Attributes":5,"ValueType":"System.Collections.Generic.KeyValuePair`2[[System.String],[System.String]][]"},"Value":[]},{"Key":{"Id":"TestCase.Hierarchy","Label":"Hierarchy","Category":"","Description":"","Attributes":2,"ValueType":"System.String[]"},"Value":[null,"Test_White_Box","LicenseKeyGeneratorTests","SubstituteAlphabet_ReplacesCharacters"]},{"Key":{"Id":"TestCase.ManagedType","Label":"ManagedType","Category":"","Description":"","Attributes":1,"ValueType":"System.String"},"Value":"Test_White_Box.LicenseKeyGeneratorTests"},{"Key":{"Id":"TestCase.ManagedMethod","Label":"ManagedMethod","Category":"","Description":"","Attributes":1,"ValueType":"System.String"},"Value":"SubstituteAlphabet_ReplacesCharacters"}]},"Attachments":[],"Outcome":1,"ErrorMessage":null,"ErrorStackTrace":null,"DisplayName":"SubstituteAlphabet_ReplacesCharacters","Messages":[{"Category":"StdOutMsgs","Text":"Длина ключа: 16\r\n"}],"ComputerName":"DESKTOP-CMPG4AM","Duration":"00:00:00.0001235","StartTime":"2023-11-13T02:10:05.2251028+07:00","EndTime":"2023-11-13T02:10:05.2253553+07:00","Properties":[{"Key":{"Id":"ParentExecId","Label":"ParentExecId","Category":"","Description":"","Attributes":1,"ValueType":"System.Guid"},"Value":"00000000-0000-0000-0000-000000000000"},{"Key":{"Id":"ExecutionId","Label":"ExecutionId","Category":"","Description":"","Attributes":1,"ValueType":"System.Guid"},"Value":"00000000-0000-0000-0000-000000000000"},{"Key":{"Id":"InnerResultsCount","Label":"InnerResultsCount","Category":"","Description":"","Attributes":1,"ValueType":"System.Int32"},"Value":0}]},{"TestCase":{"Id":"1f715358-69e6-912e-bdc0-fd19e314dc6c","FullyQualifiedName":"Test_White_Box.LicenseKeyGeneratorTests.DecryptAdditionalData_DecryptsCorrectly","DisplayName":"DecryptAdditionalData_DecryptsCorrectly","ExecutorUri":"executor://MSTestAdapter/v2","Source":"C:\\Users\\nikit\\source\\repos\\Soft_Dev_Kursach\\Test_White_Box\\bin\\Release\\net6.0-windows\\fine-code-coverage\\build-output\\Test_White_Box.dll","CodeFilePath":null,"LineNumber":-1,"Properties":[{"Key":{"Id":"MSTestDiscoverer.TestClassName","Label":"ClassName","Category":"","Description":"","Attributes":1,"ValueType":"System.String"},"Value":"Test_White_Box.LicenseKeyGeneratorTests"},{"Key":{"Id":"MSTest.TestIdGenerationStrategy","Label":"TestIdGenerationStrategy","Category":"","Description":"","Attributes":1,"ValueType":"System.Int32"},"Value":2},{"Key":{"Id":"TestObject.Traits","Label":"Признаки","Category":"","Description":"","Attributes":5,"ValueType":"System.Collections.Generic.KeyValuePair`2[[System.String],[System.String]][]"},"Value":[]},{"Key":{"Id":"TestCase.Hierarchy","Label":"Hierarchy","Category":"","Description":"","Attributes":2,"ValueType":"System.String[]"},"Value":[null,"Test_White_Box","LicenseKeyGeneratorTests","DecryptAdditionalData_DecryptsCorrectly"]},{"Key":{"Id":"TestCase.ManagedType","Label":"ManagedType","Category":"","Description":"","Attributes":1,"ValueType":"System.String"},"Value":"Test_White_Box.LicenseKeyGeneratorTests"},{"Key":{"Id":"TestCase.ManagedMethod","Label":"ManagedMethod","Category":"","Description":"","Attributes":1,"ValueType":"System.String"},"Value":"DecryptAdditionalData_DecryptsCorrectly"}]},"Attachments":[],"Outcome":1,"ErrorMessage":null,"ErrorStackTrace":null,"DisplayName":"DecryptAdditionalData_DecryptsCorrectly","Messages":[{"Category":"StdOutMsgs","Text":"Расшифрованный текст: AdditionalData\r\n"}],"ComputerName":"DESKTOP-CMPG4AM","Duration":"00:00:00.0100332","StartTime":"2023-11-13T02:10:05.2276804+07:00","EndTime":"2023-11-13T02:10:05.2379472+07:00","Properties":[{"Key":{"Id":"ParentExecId","Label":"ParentExecId","Category":"","Description":"","Attributes":1,"ValueType":"System.Guid"},"Value":"00000000-0000-0000-0000-000000000000"},{"Key":{"Id":"ExecutionId","Label":"ExecutionId","Category":"","Description":"","Attributes":1,"ValueType":"System.Guid"},"Value":"00000000-0000-0000-0000-000000000000"},{"Key":{"Id":"InnerResultsCount","Label":"InnerResultsCount","Category":"","Description":"","Attributes":1,"ValueType":"System.Int32"},"Value":0}]},{"TestCase":{"Id":"016308a8-89d7-5f33-75f8-3a13b5c7b0ff","FullyQualifiedName":"Test_White_Box.LicenseKeyGeneratorTests.SubstituteAlphabet_SuccessfulSubstitution","DisplayName":"SubstituteAlphabet_SuccessfulSubstitution","ExecutorUri":"executor://MSTestAdapter/v2","Source":"C:\\Users\\nikit\\source\\repos\\Soft_Dev_Kursach\\Test_White_Box\\bin\\Release\\net6.0-windows\\fine-code-coverage\\build-output\\Test_White_Box.dll","CodeFilePath":null,"LineNumber":-1,"Properties":[{"Key":{"Id":"MSTestDiscoverer.TestClassName","Label":"ClassName","Category":"","Description":"","Attributes":1,"ValueType":"System.String"},"Value":"Test_White_Box.LicenseKeyGeneratorTests"},{"Key":{"Id":"MSTest.TestIdGenerationStrategy","Label":"TestIdGenerationStrategy","Category":"","Description":"","Attributes":1,"ValueType":"System.Int32"},"Value":2},{"Key":{"Id":"TestObject.Traits","Label":"Признаки","Category":"","Description":"","Attributes":5,"ValueType":"System.Collections.Generic.KeyValuePair`2[[System.String],[System.String]][]"},"Value":[]},{"Key":{"Id":"TestCase.Hierarchy","Label":"Hierarchy","Category":"","Description":"","Attributes":2,"ValueType":"System.String[]"},"Value":[null,"Test_White_Box","LicenseKeyGeneratorTests","SubstituteAlphabet_SuccessfulSubstitution"]},{"Key":{"Id":"TestCase.ManagedType","Label":"ManagedType","Category":"","Description":"","Attributes":1,"ValueType":"System.String"},"Value":"Test_White_Box.LicenseKeyGeneratorTests"},{"Key":{"Id":"TestCase.ManagedMethod","Label":"ManagedMethod","Category":"","Description":"","Attributes":1,"ValueType":"System.String"},"Value":"SubstituteAlphabet_SuccessfulSubstitution"}]},"Attachments":[],"Outcome":1,"ErrorMessage":null,"ErrorStackTrace":null,"DisplayName":"SubstituteAlphabet_SuccessfulSubstitution","Messages":[{"Category":"StdOutMsgs","Text":"Полученная строка: B51C7D9A3EF24680\r\n"}],"ComputerName":"DESKTOP-CMPG4AM","Duration":"00:00:00.0001087","StartTime":"2023-11-13T02:10:05.2403232+07:00","EndTime":"2023-11-13T02:10:05.2405805+07:00","Properties":[{"Key":{"Id":"ParentExecId","Label":"ParentExecId","Category":"","Description":"","Attributes":1,"ValueType":"System.Guid"},"Value":"00000000-0000-0000-0000-000000000000"},{"Key":{"Id":"ExecutionId","Label":"ExecutionId","Category":"","Description":"","Attributes":1,"ValueType":"System.Guid"},"Value":"00000000-0000-0000-0000-000000000000"},{"Key":{"Id":"InnerResultsCount","Label":"InnerResultsCount","Category":"","Description":"","Attributes":1,"ValueType":"System.Int32"},"Value":0}]},{"TestCase":{"Id":"9ada20aa-969d-360d-a025-18812aba5ceb","FullyQualifiedName":"Test_White_Box.LicenseKeyGeneratorTests.SubstituteAlphabet_NoChange","DisplayName":"SubstituteAlphabet_NoChange","ExecutorUri":"executor://MSTestAdapter/v2","Source":"C:\\Users\\nikit\\source\\repos\\Soft_Dev_Kursach\\Test_White_Box\\bin\\Release\\net6.0-windows\\fine-code-coverage\\build-output\\Test_White_Box.dll","CodeFilePath":null,"LineNumber":-1,"Properties":[{"Key":{"Id":"MSTestDiscoverer.TestClassName","Label":"ClassName","Category":"","Description":"","Attributes":1,"ValueType":"System.String"},"Value":"Test_White_Box.LicenseKeyGeneratorTests"},{"Key":{"Id":"MSTest.TestIdGenerationStrategy","Label":"TestIdGenerationStrategy","Category":"","Description":"","Attributes":1,"ValueType":"System.Int32"},"Value":2},{"Key":{"Id":"TestObject.Traits","Label":"Признаки","Category":"","Description":"","Attributes":5,"ValueType":"System.Collections.Generic.KeyValuePair`2[[System.String],[System.String]][]"},"Value":[]},{"Key":{"Id":"TestCase.Hierarchy","Label":"Hierarchy","Category":"","Description":"","Attributes":2,"ValueType":"System.String[]"},"Value":[null,"Test_White_Box","LicenseKeyGeneratorTests","SubstituteAlphabet_NoChange"]},{"Key":{"Id":"TestCase.ManagedType","Label":"ManagedType","Category":"","Description":"","Attributes":1,"ValueType":"System.String"},"Value":"Test_White_Box.LicenseKeyGeneratorTests"},{"Key":{"Id":"TestCase.ManagedMethod","Label":"ManagedMethod","Category":"","Description":"","Attributes":1,"ValueType":"System.String"},"Value":"SubstituteAlphabet_NoChange"}]},"Attachments":[],"Outcome":1,"ErrorMessage":null,"ErrorStackTrace":null,"DisplayName":"SubstituteAlphabet_NoChange","Messages":[{"Category":"StdOutMsgs","Text":"Полученная строка: XYZ\r\n"}],"ComputerName":"DESKTOP-CMPG4AM","Duration":"00:00:00.0000758","StartTime":"2023-11-13T02:10:05.2424158+07:00","EndTime":"2023-11-13T02:10:05.2426241+07:00","Properties":[{"Key":{"Id":"ParentExecId","Label":"ParentExecId","Category":"","Description":"","Attributes":1,"ValueType":"System.Guid"},"Value":"00000000-0000-0000-0000-000000000000"},{"Key":{"Id":"ExecutionId","Label":"ExecutionId","Category":"","Description":"","Attributes":1,"ValueType":"System.Guid"},"Value":"00000000-0000-0000-0000-000000000000"},{"Key":{"Id":"InnerResultsCount","Label":"InnerResultsCount","Category":"","Description":"","Attributes":1,"ValueType":"System.Int32"},"Value":0}]},{"TestCase":{"Id":"cbeed59a-3cf5-9220-4add-ce390de7f772","FullyQualifiedName":"Test_White_Box.LicenseKeyGeneratorTests.SubstituteAlphabet_ReturnsEmptyString","DisplayName":"SubstituteAlphabet_ReturnsEmptyString","ExecutorUri":"executor://MSTestAdapter/v2","Source":"C:\\Users\\nikit\\source\\repos\\Soft_Dev_Kursach\\Test_White_Box\\bin\\Release\\net6.0-windows\\fine-code-coverage\\build-output\\Test_White_Box.dll","CodeFilePath":null,"LineNumber":-1,"Properties":[{"Key":{"Id":"MSTestDiscoverer.TestClassName","Label":"ClassName","Category":"","Description":"","Attributes":1,"ValueType":"System.String"},"Value":"Test_White_Box.LicenseKeyGeneratorTests"},{"Key":{"Id":"MSTest.TestIdGenerationStrategy","Label":"TestIdGenerationStrategy","Category":"","Description":"","Attributes":1,"ValueType":"System.Int32"},"Value":2},{"Key":{"Id":"TestObject.Traits","Label":"Признаки","Category":"","Description":"","Attributes":5,"ValueType":"System.Collections.Generic.KeyValuePair`2[[System.String],[System.String]][]"},"Value":[]},{"Key":{"Id":"TestCase.Hierarchy","Label":"Hierarchy","Category":"","Description":"","Attributes":2,"ValueType":"System.String[]"},"Value":[null,"Test_White_Box","LicenseKeyGeneratorTests","SubstituteAlphabet_ReturnsEmptyString"]},{"Key":{"Id":"TestCase.ManagedType","Label":"ManagedType","Category":"","Description":"","Attributes":1,"ValueType":"System.String"},"Value":"Test_White_Box.LicenseKeyGeneratorTests"},{"Key":{"Id":"TestCase.ManagedMethod","Label":"ManagedMethod","Category":"","Description":"","Attributes":1,"ValueType":"System.String"},"Value":"SubstituteAlphabet_ReturnsEmptyString"}]},"Attachments":[],"Outcome":1,"ErrorMessage":null,"ErrorStackTrace":null,"DisplayName":"SubstituteAlphabet_ReturnsEmptyString","Messages":[{"Category":"StdOutMsgs","Text":"Полученная строка: \r\n"}],"ComputerName":"DESKTOP-CMPG4AM","Duration":"00:00:00.0000782","StartTime":"2023-11-13T02:10:05.244635+07:00","EndTime":"2023-11-13T02:10:05.2448512+07:00","Properties":[{"Key":{"Id":"ParentExecId","Label":"ParentExecId","Category":"","Description":"","Attributes":1,"ValueType":"System.Guid"},"Value":"00000000-0000-0000-0000-000000000000"},{"Key":{"Id":"ExecutionId","Label":"ExecutionId","Category":"","Description":"","Attributes":1,"ValueType":"System.Guid"},"Value":"00000000-0000-0000-0000-000000000000"},{"Key":{"Id":"InnerResultsCount","Label":"InnerResultsCount","Category":"","Description":"","Attributes":1,"ValueType":"System.Int32"},"Value":0}]},{"TestCase":{"Id":"5f85db7f-d30a-553c-4cce-ee47ed677418","FullyQualifiedName":"Test_White_Box.LicenseKeyGeneratorTests.BitwiseShiftsHash","DisplayName":"BitwiseShiftsHash","ExecutorUri":"executor://MSTestAdapter/v2","Source":"C:\\Users\\nikit\\source\\repos\\Soft_Dev_Kursach\\Test_White_Box\\bin\\Release\\net6.0-windows\\fine-code-coverage\\build-output\\Test_White_Box.dll","CodeFilePath":null,"LineNumber":-1,"Properties":[{"Key":{"Id":"MSTestDiscoverer.TestClassName","Label":"ClassName","Category":"","Description":"","Attributes":1,"ValueType":"System.String"},"Value":"Test_White_Box.LicenseKeyGeneratorTests"},{"Key":{"Id":"MSTest.TestIdGenerationStrategy","Label":"TestIdGenerationStrategy","Category":"","Description":"","Attributes":1,"ValueType":"System.Int32"},"Value":2},{"Key":{"Id":"TestObject.Traits","Label":"Признаки","Category":"","Description":"","Attributes":5,"ValueType":"System.Collections.Generic.KeyValuePair`2[[System.String],[System.String]][]"},"Value":[]},{"Key":{"Id":"TestCase.Hierarchy","Label":"Hierarchy","Category":"","Description":"","Attributes":2,"ValueType":"System.String[]"},"Value":[null,"Test_White_Box","LicenseKeyGeneratorTests","BitwiseShiftsHash"]},{"Key":{"Id":"TestCase.ManagedType","Label":"ManagedType","Category":"","Description":"","Attributes":1,"ValueType":"System.String"},"Value":"Test_White_Box.LicenseKeyGeneratorTests"},{"Key":{"Id":"TestCase.ManagedMethod","Label":"ManagedMethod","Category":"","Description":"","Attributes":1,"ValueType":"System.String"},"Value":"BitwiseShiftsHash"}]},"Attachments":[],"Outcome":1,"ErrorMessage":null,"ErrorStackTrace":null,"DisplayName":"BitwiseShiftsHash","Messages":[{"Category":"StdOutMsgs","Text":"Полученное хеш-значение: 1583258125\r\n"}],"ComputerName":"DESKTOP-CMPG4AM","Duration":"00:00:00.0003386","StartTime":"2023-11-13T02:10:05.2466835+07:00","EndTime":"2023-11-13T02:10:05.2471545+07:00","Properties":[{"Key":{"Id":"ParentExecId","Label":"ParentExecId","Category":"","Description":"","Attributes":1,"ValueType":"System.Guid"},"Value":"00000000-0000-0000-0000-000000000000"},{"Key":{"Id":"ExecutionId","Label":"ExecutionId","Category":"","Description":"","Attributes":1,"ValueType":"System.Guid"},"Value":"00000000-0000-0000-0000-000000000000"},{"Key":{"Id":"InnerResultsCount","Label":"InnerResultsCount","Category":"","Description":"","Attributes":1,"ValueType":"System.Int32"},"Value":0}]},{"TestCase":{"Id":"89da60f4-8e7c-8d27-ccc8-35c17c128542","FullyQualifiedName":"Test_White_Box.LicenseKeyGeneratorTests.multiplyAddHashPlug","DisplayName":"multiplyAddHashPlug","ExecutorUri":"executor://MSTestAdapter/v2","Source":"C:\\Users\\nikit\\source\\repos\\Soft_Dev_Kursach\\Test_White_Box\\bin\\Release\\net6.0-windows\\fine-code-coverage\\build-output\\Test_White_Box.dll","CodeFilePath":null,"LineNumber":-1,"Properties":[{"Key":{"Id":"MSTestDiscoverer.TestClassName","Label":"ClassName","Category":"","Description":"","Attributes":1,"ValueType":"System.String"},"Value":"Test_White_Box.LicenseKeyGeneratorTests"},{"Key":{"Id":"MSTest.TestIdGenerationStrategy","Label":"TestIdGenerationStrategy","Category":"","Description":"","Attributes":1,"ValueType":"System.Int32"},"Value":2},{"Key":{"Id":"TestObject.Traits","Label":"Признаки","Category":"","Description":"","Attributes":5,"ValueType":"System.Collections.Generic.KeyValuePair`2[[System.String],[System.String]][]"},"Value":[]},{"Key":{"Id":"TestCase.Hierarchy","Label":"Hierarchy","Category":"","Description":"","Attributes":2,"ValueType":"System.String[]"},"Value":[null,"Test_White_Box","LicenseKeyGeneratorTests","multiplyAddHashPlug"]},{"Key":{"Id":"TestCase.ManagedType","Label":"ManagedType","Category":"","Description":"","Attributes":1,"ValueType":"System.String"},"Value":"Test_White_Box.LicenseKeyGeneratorTests"},{"Key":{"Id":"TestCase.ManagedMethod","Label":"ManagedMethod","Category":"","Description":"","Attributes":1,"ValueType":"System.String"},"Value":"multiplyAddHashPlug"}]},"Attachments":[],"Outcome":1,"ErrorMessage":null,"ErrorStackTrace":null,"DisplayName":"multiplyAddHashPlug","Messages":[{"Category":"StdOutMsgs","Text":"Полученное хеш-значение: -118844513\r\n"}],"ComputerName":"DESKTOP-CMPG4AM","Duration":"00:00:00.0002640","StartTime":"2023-11-13T02:10:05.2489515+07:00","EndTime":"2023-11-13T02:10:05.249355+07:00","Properties":[{"Key":{"Id":"ParentExecId","Label":"ParentExecId","Category":"","Description":"","Attributes":1,"ValueType":"System.Guid"},"Value":"00000000-0000-0000-0000-000000000000"},{"Key":{"Id":"ExecutionId","Label":"ExecutionId","Category":"","Description":"","Attributes":1,"ValueType":"System.Guid"},"Value":"00000000-0000-0000-0000-000000000000"},{"Key":{"Id":"InnerResultsCount","Label":"InnerResultsCount","Category":"","Description":"","Attributes":1,"ValueType":"System.Int32"},"Value":0}]}],"TestRunStatistics":{"ExecutedTests":9,"Stats":{"Passed":9}},"ActiveTests":[{"Id":"41df1813-d7fc-e329-775f-96183e9403c7","FullyQualifiedName":"Test_White_Box.LicenseKeyGeneratorTests.sumOfSquaresHashPlug","DisplayName":"sumOfSquaresHashPlug","ExecutorUri":"executor://MSTestAdapter/v2","Source":"C:\\Users\\nikit\\source\\repos\\Soft_Dev_Kursach\\Test_White_Box\\bin\\Release\\net6.0-windows\\fine-code-coverage\\build-output\\Test_White_Box.dll","CodeFilePath":null,"LineNumber":-1,"Properties":[{"Key":{"Id":"MSTestDiscoverer.TestClassName","Label":"ClassName","Category":"","Description":"","Attributes":1,"ValueType":"System.String"},"Value":"Test_White_Box.LicenseKeyGeneratorTests"},{"Key":{"Id":"MSTest.TestIdGenerationStrategy","Label":"TestIdGenerationStrategy","Category":"","Description":"","Attributes":1,"ValueType":"System.Int32"},"Value":2},{"Key":{"Id":"TestObject.Traits","Label":"Признаки","Category":"","Description":"","Attributes":5,"ValueType":"System.Collections.Generic.KeyValuePair`2[[System.String],[System.String]][]"},"Value":[]},{"Key":{"Id":"TestCase.Hierarchy","Label":"Hierarchy","Category":"","Description":"","Attributes":2,"ValueType":"System.String[]"},"Value":[null,"Test_White_Box","LicenseKeyGeneratorTests","sumOfSquaresHashPlug"]},{"Key":{"Id":"TestCase.ManagedType","Label":"ManagedType","Category":"","Description":"","Attributes":1,"ValueType":"System.String"},"Value":"Test_White_Box.LicenseKeyGeneratorTests"},{"Key":{"Id":"TestCase.ManagedMethod","Label":"ManagedMethod","Category":"","Description":"","Attributes":1,"ValueType":"System.String"},"Value":"sumOfSquaresHashPlug"}]}]}}
TpTrace Verbose: 0 : 28324, 14, 2023/11/13, 02:10:05.308, 131514973057, vstest.console.dll, TestRunRequest:SendTestRunStatsChange: Starting.
TpTrace Verbose: 0 : 28324, 14, 2023/11/13, 02:10:05.308, 131514975190, vstest.console.dll, InProgress is sumOfSquaresHashPlug
TpTrace Verbose: 0 : 28324, 14, 2023/11/13, 02:10:05.308, 131514977032, vstest.console.dll, MulticastDelegateUtilities.SafeInvoke: TestRun.RunStatsChanged: Invoking callbacks was skipped because there are no subscribers.
TpTrace Information: 0 : 28324, 14, 2023/11/13, 02:10:05.308, 131514977450, vstest.console.dll, TestRunRequest:SendTestRunStatsChange: Completed.
TpTrace Verbose: 0 : 28324, 14, 2023/11/13, 02:10:05.308, 131514977792, vstest.console.dll, MulticastDelegateUtilities.SafeInvoke: LengthPrefixCommunicationChannel: MessageReceived: Invoking callback 1/1 for Microsoft.VisualStudio.TestPlatform.CommunicationUtilities.TestRequestSender+<>c__DisplayClass34_0., took 36 ms.
TpTrace Verbose: 0 : 28324, 14, 2023/11/13, 02:10:05.308, 131514978133, vstest.console.dll, TcpClientExtensions.MessageLoopAsync: Polling on remoteEndPoint: 127.0.0.1:50417 localEndPoint: 127.0.0.1:50416
TpTrace Verbose: 0 : 28324, 14, 2023/11/13, 02:10:05.308, 131514978541, vstest.console.dll, TcpClientExtensions.MessageLoopAsync: NotifyDataAvailable remoteEndPoint: 127.0.0.1:50417 localEndPoint: 127.0.0.1:50416
TpTrace Verbose: 0 : 28324, 14, 2023/11/13, 02:10:05.308, 131514979236, vstest.console.dll, TestRequestSender.OnExecutionMessageReceived: Received message: {"Version":7,"MessageType":"TestExecution.Completed","Payload":{"TestRunCompleteArgs":{"TestRunStatistics":{"ExecutedTests":10,"Stats":{"Passed":10}},"IsCanceled":false,"IsAborted":false,"Error":null,"AttachmentSets":[],"InvokedDataCollectors":[],"ElapsedTimeInRunningTests":"00:00:00.2485629","Metrics":{},"DiscoveredExtensions":{"TestDiscoverers":["Microsoft.VisualStudio.TestPlatform.MSTest.TestAdapter.MSTestDiscoverer, Microsoft.VisualStudio.TestPlatform.MSTest.TestAdapter, Version=14.0.0.0, Culture=neutral, PublicKeyToken=b03f5f7f11d50a3a"],"TestExecutors":["executor://MSTestAdapter/v2"],"TestExecutors2":[],"TestSettingsProviders":[]}},"LastRunTests":{"NewTestResults":[{"TestCase":{"Id":"41df1813-d7fc-e329-775f-96183e9403c7","FullyQualifiedName":"Test_White_Box.LicenseKeyGeneratorTests.sumOfSquaresHashPlug","DisplayName":"sumOfSquaresHashPlug","ExecutorUri":"executor://MSTestAdapter/v2","Source":"C:\\Users\\nikit\\source\\repos\\Soft_Dev_Kursach\\Test_White_Box\\bin\\Release\\net6.0-windows\\fine-code-coverage\\build-output\\Test_White_Box.dll","CodeFilePath":null,"LineNumber":-1,"Properties":[{"Key":{"Id":"MSTestDiscoverer.TestClassName","Label":"ClassName","Category":"","Description":"","Attributes":1,"ValueType":"System.String"},"Value":"Test_White_Box.LicenseKeyGeneratorTests"},{"Key":{"Id":"MSTest.TestIdGenerationStrategy","Label":"TestIdGenerationStrategy","Category":"","Description":"","Attributes":1,"ValueType":"System.Int32"},"Value":2},{"Key":{"Id":"TestObject.Traits","Label":"Признаки","Category":"","Description":"","Attributes":5,"ValueType":"System.Collections.Generic.KeyValuePair`2[[System.String],[System.String]][]"},"Value":[]},{"Key":{"Id":"TestCase.Hierarchy","Label":"Hierarchy","Category":"","Description":"","Attributes":2,"ValueType":"System.String[]"},"Value":[null,"Test_White_Box","LicenseKeyGeneratorTests","sumOfSquaresHashPlug"]},{"Key":{"Id":"TestCase.ManagedType","Label":"ManagedType","Category":"","Description":"","Attributes":1,"ValueType":"System.String"},"Value":"Test_White_Box.LicenseKeyGeneratorTests"},{"Key":{"Id":"TestCase.ManagedMethod","Label":"ManagedMethod","Category":"","Description":"","Attributes":1,"ValueType":"System.String"},"Value":"sumOfSquaresHashPlug"}]},"Attachments":[],"Outcome":1,"ErrorMessage":null,"ErrorStackTrace":null,"DisplayName":"sumOfSquaresHashPlug","Messages":[{"Category":"StdOutMsgs","Text":"Полученное хеш-значение: 124193\r\n"}],"ComputerName":"DESKTOP-CMPG4AM","Duration":"00:00:00.0002939","StartTime":"2023-11-13T02:10:05.2731215+07:00","EndTime":"2023-11-13T02:10:05.2741974+07:00","Properties":[{"Key":{"Id":"ParentExecId","Label":"ParentExecId","Category":"","Description":"","Attributes":1,"ValueType":"System.Guid"},"Value":"00000000-0000-0000-0000-000000000000"},{"Key":{"Id":"ExecutionId","Label":"ExecutionId","Category":"","Description":"","Attributes":1,"ValueType":"System.Guid"},"Value":"00000000-0000-0000-0000-000000000000"},{"Key":{"Id":"InnerResultsCount","Label":"InnerResultsCount","Category":"","Description":"","Attributes":1,"ValueType":"System.Int32"},"Value":0}]}],"TestRunStatistics":{"ExecutedTests":10,"Stats":{"Passed":10}},"ActiveTests":[]},"RunAttachments":[],"ExecutorUris":["executor://mstestadapter/v2"]}}
TpTrace Verbose: 0 : 28324, 14, 2023/11/13, 02:10:05.308, 131514979898, vstest.console.dll, TestRequestSender.EndSession: Sending end session.
TpTrace Verbose: 0 : 28324, 14, 2023/11/13, 02:10:05.309, 131514981114, vstest.console.dll, ProxyOperationManager.Close: waiting for test host to exit for 100 ms
TpTrace Verbose: 0 : 28324, 4, 2023/11/13, 02:10:05.311, 131515002164, vstest.console.dll, MulticastDelegateUtilities.SafeInvoke: InternalTestLoggerEvents.SendTestResult: Invoking callback 1/1 for Microsoft.VisualStudio.TestPlatform.CommandLine.Internal.ConsoleLogger., took 2 ms.
TpTrace Verbose: 0 : 28324, 4, 2023/11/13, 02:10:05.311, 131515004443, vstest.console.dll, MulticastDelegateUtilities.SafeInvoke: InternalTestLoggerEvents.SendTestResult: Invoking callback 1/1 for Microsoft.VisualStudio.TestPlatform.CommandLine.Internal.ConsoleLogger., took 0 ms.
TpTrace Verbose: 0 : 28324, 4, 2023/11/13, 02:10:05.312, 131515019792, vstest.console.dll, MulticastDelegateUtilities.SafeInvoke: InternalTestLoggerEvents.SendTestResult: Invoking callback 1/1 for Microsoft.VisualStudio.TestPlatform.CommandLine.Internal.ConsoleLogger., took 1 ms.
TpTrace Verbose: 0 : 28324, 4, 2023/11/13, 02:10:05.313, 131515020656, vstest.console.dll, MulticastDelegateUtilities.SafeInvoke: InternalTestLoggerEvents.SendTestResult: Invoking callback 1/1 for Microsoft.VisualStudio.TestPlatform.CommandLine.Internal.ConsoleLogger., took 0 ms.
TpTrace Verbose: 0 : 28324, 4, 2023/11/13, 02:10:05.313, 131515021111, vstest.console.dll, MulticastDelegateUtilities.SafeInvoke: InternalTestLoggerEvents.SendTestResult: Invoking callback 1/1 for Microsoft.VisualStudio.TestPlatform.CommandLine.Internal.ConsoleLogger., took 0 ms.
TpTrace Verbose: 0 : 28324, 4, 2023/11/13, 02:10:05.313, 131515021495, vstest.console.dll, MulticastDelegateUtilities.SafeInvoke: InternalTestLoggerEvents.SendTestResult: Invoking callback 1/1 for Microsoft.VisualStudio.TestPlatform.CommandLine.Internal.ConsoleLogger., took 0 ms.
TpTrace Verbose: 0 : 28324, 4, 2023/11/13, 02:10:05.313, 131515021900, vstest.console.dll, MulticastDelegateUtilities.SafeInvoke: InternalTestLoggerEvents.SendTestResult: Invoking callback 1/1 for Microsoft.VisualStudio.TestPlatform.CommandLine.Internal.ConsoleLogger., took 0 ms.
TpTrace Verbose: 0 : 28324, 4, 2023/11/13, 02:10:05.313, 131515022297, vstest.console.dll, MulticastDelegateUtilities.SafeInvoke: InternalTestLoggerEvents.SendTestResult: Invoking callback 1/1 for Microsoft.VisualStudio.TestPlatform.CommandLine.Internal.ConsoleLogger., took 0 ms.
TpTrace Verbose: 0 : 28324, 4, 2023/11/13, 02:10:05.313, 131515022684, vstest.console.dll, MulticastDelegateUtilities.SafeInvoke: InternalTestLoggerEvents.SendTestResult: Invoking callback 1/1 for Microsoft.VisualStudio.TestPlatform.CommandLine.Internal.ConsoleLogger., took 0 ms.
TpTrace Verbose: 0 : 28324, 13, 2023/11/13, 02:10:05.324, 131515131893, vstest.console.dll, TestHostManagerCallbacks.ctor: Experimental forwarding output is disabled.
TpTrace Warning: 0 : 28324, 13, 2023/11/13, 02:10:05.324, 131515133170, vstest.console.dll, TestHostManagerCallbacks.ErrorReceivedCallback Test host standard error line: 
TpTrace Verbose: 0 : 28324, 13, 2023/11/13, 02:10:05.328, 131515170651, vstest.console.dll, TestHostProvider.ExitCallBack: Host exited starting callback.
TpTrace Information: 0 : 28324, 13, 2023/11/13, 02:10:05.328, 131515172029, vstest.console.dll, TestHostManagerCallbacks.ExitCallBack: Testhost processId: 6296 exited with exitcode: 0 error: ''
TpTrace Verbose: 0 : 28324, 13, 2023/11/13, 02:10:05.328, 131515172472, vstest.console.dll, DotnetTestHostManager.OnHostExited: invoking OnHostExited callback
TpTrace Verbose: 0 : 28324, 13, 2023/11/13, 02:10:05.328, 131515172918, vstest.console.dll, CrossPlatEngine.TestHostManagerHostExited: calling on client process exit callback.
TpTrace Information: 0 : 28324, 13, 2023/11/13, 02:10:05.328, 131515173334, vstest.console.dll, TestRequestSender.OnClientProcessExit: Test host process exited. Standard error: 
TpTrace Information: 0 : 28324, 13, 2023/11/13, 02:10:05.328, 131515173687, vstest.console.dll, SocketServer.Stop: Stop server endPoint: 127.0.0.1:50416
TpTrace Information: 0 : 28324, 13, 2023/11/13, 02:10:05.328, 131515173989, vstest.console.dll, SocketServer.Stop: Cancellation requested. Stopping message loop.
TpTrace Information: 0 : 28324, 14, 2023/11/13, 02:10:05.328, 131515173980, vstest.console.dll, SocketServer.Stop: Stop server endPoint: 127.0.0.1:50416
TpTrace Information: 0 : 28324, 14, 2023/11/13, 02:10:05.328, 131515174970, vstest.console.dll, SocketServer.Stop: Cancellation requested. Stopping message loop.
TpTrace Verbose: 0 : 28324, 13, 2023/11/13, 02:10:05.328, 131515175021, vstest.console.dll, MulticastDelegateUtilities.SafeInvoke: HostProviderEvents.OnHostExited: Invoking callback 1/1 for Microsoft.VisualStudio.TestPlatform.CrossPlatEngine.Client.ProxyOperationManager., took 0 ms.
TpTrace Information: 0 : 28324, 14, 2023/11/13, 02:10:05.328, 131515175367, vstest.console.dll, Closing the connection
TpTrace Verbose: 0 : 28324, 14, 2023/11/13, 02:10:05.328, 131515177286, vstest.console.dll, ProxyDataCollectionManager.InvokeDataCollectionServiceAction: Starting.
TpTrace Information: 0 : 28324, 14, 2023/11/13, 02:10:05.328, 131515177769, vstest.console.dll, ProxyDataCollectionManager.AfterTestRunEnd: Get attachment set and invoked data collectors processId: 6184 port: 50413
TpTrace Verbose: 0 : 28324, 14, 2023/11/13, 02:10:05.328, 131515178166, vstest.console.dll, DataCollectionRequestSender.SendAfterTestRunStartAndGetResult: Send AfterTestRunEnd message with isCancelled: False
TpTrace Verbose: 0 : 28324, 14, 2023/11/13, 02:10:05.334, 131515235667, vstest.console.dll, DataCollectionRequestSender.SendAfterTestRunStartAndGetResult: Received message: (DataCollection.AfterTestRunEndResult) -> {"MessageType":"DataCollection.AfterTestRunEndResult","Payload":{"AttachmentSets":[],"InvokedDataCollectors":[{"Uri":"datacollector://Microsoft/TestPlatform/Extensions/Blame/v1","FriendlyName":"Blame","AssemblyQualifiedName":"Microsoft.TestPlatform.Extensions.BlameDataCollector.BlameCollector, Microsoft.TestPlatform.Extensions.BlameDataCollector, Version=15.0.0.0, Culture=neutral, PublicKeyToken=b03f5f7f11d50a3a","FilePath":"C:\\Program Files (x86)\\dotnet\\sdk\\7.0.400\\Extensions\\Microsoft.TestPlatform.Extensions.BlameDataCollector.dll","HasAttachmentProcessor":false}],"Metrics":{}}}
TpTrace Warning: 0 : 28324, 11, 2023/11/13, 02:10:05.337, 131515269284, vstest.console.dll, DataCollectionLauncher.ErrorReceivedCallback datacollector standard error line: 
TpTrace Information: 0 : 28324, 14, 2023/11/13, 02:10:05.338, 131515275018, vstest.console.dll, ProxyDataCollectionManager.InvokeDataCollectionServiceAction: Completed.
TpTrace Information: 0 : 28324, 11, 2023/11/13, 02:10:05.341, 131515307121, vstest.console.dll, DataCollectionLauncher.ExitCallBack: Data collector exited with exitcode: 0 error: ''
TpTrace Verbose: 0 : 28324, 14, 2023/11/13, 02:10:05.368, 131515575377, vstest.console.dll, TestRunRequest:SendTestRunStatsChange: Starting.
TpTrace Verbose: 0 : 28324, 14, 2023/11/13, 02:10:05.368, 131515576604, vstest.console.dll, MulticastDelegateUtilities.SafeInvoke: TestRun.RunStatsChanged: Invoking callbacks was skipped because there are no subscribers.
TpTrace Information: 0 : 28324, 14, 2023/11/13, 02:10:05.368, 131515576944, vstest.console.dll, TestRunRequest:SendTestRunStatsChange: Completed.
TpTrace Verbose: 0 : 28324, 4, 2023/11/13, 02:10:05.368, 131515577273, vstest.console.dll, MulticastDelegateUtilities.SafeInvoke: InternalTestLoggerEvents.SendTestResult: Invoking callback 1/1 for Microsoft.VisualStudio.TestPlatform.CommandLine.Internal.ConsoleLogger., took 0 ms.
TpTrace Verbose: 0 : 28324, 14, 2023/11/13, 02:10:05.368, 131515579567, vstest.console.dll, ParallelProxyExecutionManager: HandlePartialRunComplete: Total completed clients = 1, Run complete = True, Run canceled: False.
TpTrace Verbose: 0 : 28324, 4, 2023/11/13, 02:10:05.376, 131515652766, vstest.console.dll, MulticastDelegateUtilities.SafeInvoke: InternalTestLoggerEvents.SendTestRunComplete: Invoking callback 1/2 for Microsoft.TestPlatform.Extensions.BlameDataCollector.BlameLogger., took 0 ms.
TpTrace Verbose: 0 : 28324, 4, 2023/11/13, 02:10:05.381, 131515709334, vstest.console.dll, MulticastDelegateUtilities.SafeInvoke: InternalTestLoggerEvents.SendTestRunComplete: Invoking callback 2/2 for Microsoft.VisualStudio.TestPlatform.CommandLine.Internal.ConsoleLogger., took 5 ms.
TpTrace Verbose: 0 : 28324, 14, 2023/11/13, 02:10:05.382, 131515711673, vstest.console.dll, TestRunRequest:TestRunComplete: Starting. IsAborted:False IsCanceled:False.
TpTrace Verbose: 0 : 28324, 14, 2023/11/13, 02:10:05.382, 131515720087, vstest.console.dll, TestLoggerManager.HandleTestRunComplete: Ignoring as the object is disposed.
TpTrace Verbose: 0 : 28324, 14, 2023/11/13, 02:10:05.383, 131515721882, vstest.console.dll, MulticastDelegateUtilities.SafeInvoke: TestRun.TestRunComplete: Invoking callback 1/2 for Microsoft.VisualStudio.TestPlatform.CommandLine.TestRunResultAggregator., took 0 ms.
TpTrace Verbose: 0 : 28324, 14, 2023/11/13, 02:10:05.383, 131515723001, vstest.console.dll, MulticastDelegateUtilities.SafeInvoke: TestRun.TestRunComplete: Invoking callback 2/2 for Microsoft.VisualStudio.TestPlatform.CommandLine.Processors.RunTestsArgumentExecutor+TestRunRequestEventsRegistrar., took 0 ms.
TpTrace Information: 0 : 28324, 14, 2023/11/13, 02:10:05.383, 131515723800, vstest.console.dll, TestRunRequest:TestRunComplete: Completed.
TpTrace Verbose: 0 : 28324, 14, 2023/11/13, 02:10:05.383, 131515724203, vstest.console.dll, TestRequestSender.SetOperationComplete: Setting operation complete.
TpTrace Verbose: 0 : 28324, 1, 2023/11/13, 02:10:05.383, 131515724381, vstest.console.dll, TestRunRequest.Dispose: Starting.
TpTrace Information: 0 : 28324, 14, 2023/11/13, 02:10:05.383, 131515724506, vstest.console.dll, SocketServer.Stop: Stop server endPoint: 127.0.0.1:50416
TpTrace Information: 0 : 28324, 1, 2023/11/13, 02:10:05.383, 131515725117, vstest.console.dll, TestRunRequest.Dispose: Completed.
TpTrace Information: 0 : 28324, 14, 2023/11/13, 02:10:05.383, 131515725499, vstest.console.dll, SocketServer.Stop: Cancellation requested. Stopping message loop.
TpTrace Information: 0 : 28324, 1, 2023/11/13, 02:10:05.383, 131515725952, vstest.console.dll, TestRequestManager.RunTests: run tests completed.
TpTrace Verbose: 0 : 28324, 14, 2023/11/13, 02:10:05.383, 131515726197, vstest.console.dll, MulticastDelegateUtilities.SafeInvoke: LengthPrefixCommunicationChannel: MessageReceived: Invoking callback 1/1 for Microsoft.VisualStudio.TestPlatform.CommunicationUtilities.TestRequestSender+<>c__DisplayClass34_0., took 74 ms.
TpTrace Information: 0 : 28324, 14, 2023/11/13, 02:10:05.383, 131515726867, vstest.console.dll, SocketServer.PrivateStop: Stopping server endPoint: 127.0.0.1:50416 error: 
TpTrace Information: 0 : 28324, 1, 2023/11/13, 02:10:05.383, 131515726975, vstest.console.dll, RunTestsArgumentProcessor:Execute: Test run is completed.
TpTrace Verbose: 0 : 28324, 1, 2023/11/13, 02:10:05.383, 131515728727, vstest.console.dll, Executor.Execute: Exiting with exit code of 0
TpTrace Verbose: 0 : 28324, 14, 2023/11/13, 02:10:05.384, 131515730625, vstest.console.dll, LengthPrefixCommunicationChannel.Dispose: Dispose reader and writer.
TpTrace Information: 0 : 28324, 14, 2023/11/13, 02:10:05.384, 131515731340, vstest.console.dll, SocketServer.Stop: Raise disconnected event endPoint: 127.0.0.1:50416 error: 
TpTrace Verbose: 0 : 28324, 14, 2023/11/13, 02:10:05.384, 131515732098, vstest.console.dll, TestRequestSender: OnTestRunAbort: Operation is already complete. Skip error message.
TpTrace Verbose: 0 : 28324, 14, 2023/11/13, 02:10:05.384, 131515732478, vstest.console.dll, MulticastDelegateUtilities.SafeInvoke: SocketServer: ClientDisconnected: Invoking callback 1/1 for Microsoft.VisualStudio.TestPlatform.CommunicationUtilities.TestRequestSender., took 0 ms.
TpTrace Verbose: 0 : 28324, 14, 2023/11/13, 02:10:05.384, 131515732771, vstest.console.dll, TcpClientExtensions.MessageLoopAsync: exiting MessageLoopAsync remoteEndPoint: 127.0.0.1:50417 localEndPoint: 127.0.0.1:50416
